#
# A fatal error has been detected by the Java Runtime Environment:
#
#  SIGSEGV (0xb) at pc=0x00007fc114689c43, pid=30802, tid=0x00007fc0efbf9700
#
# JRE version: Java(TM) SE Runtime Environment (8.0_101-b13) (build 1.8.0_101-b13)
# Java VM: Java HotSpot(TM) 64-Bit Server VM (25.101-b13 mixed mode linux-amd64 compressed oops)
# Problematic frame:
# V  [libjvm.so+0x78bc43]  JvmtiEnv::GetClassMethods(oopDesc*, int*, _jmethodID***)+0x2f3
#
# Failed to write core dump. Core dumps have been disabled. To enable core dumping, try "ulimit -c unlimited" before starting Java again
#
# If you would like to submit a bug report, please visit:
#   http://bugreport.java.com/bugreport/crash.jsp
#

---------------  T H R E A D  ---------------

Current thread (0x00007fc10c0c7000):  JavaThread "JDWP Transport Listener: dt_socket" daemon [_thread_in_vm, id=30820, stack(0x00007fc0efaf9000,0x00007fc0efbfa000)]

siginfo: si_signo: 11 (SIGSEGV), si_code: 1 (SEGV_MAPERR), si_addr: 0x00007fc17b30e430

Registers:
RAX=0x0000000014e5fef0, RBX=0x00007fc10c0bfdb0, RCX=0x00007fc10c009580, RDX=0x00007fc0d400ecb0
RSP=0x00007fc0efbf88a0, RBP=0x00007fc0efbf8990, RSI=0x0000000000000001, RDI=0x0000000000000001
R8 =0x00007fc10c0bfdb0, R9 =0x0000000000000000, R10=0x0000000000000001, R11=0x00007fc0d4007c28
R12=0x00007fc10c004ea0, R13=0x00007fc0eed5b198, R14=0x0000000100227458, R15=0x00007fc0efbf8a60
RIP=0x00007fc114689c43, EFLAGS=0x0000000000010246, CSGSFS=0x0000000000000033, ERR=0x0000000000000006
  TRAPNO=0x000000000000000e

Top of Stack: (sp=0x00007fc0efbf88a0)
0x00007fc0efbf88a0:   00007fc10c0bb060 00007fc0efbf8950
0x00007fc0efbf88b0:   00007fc10c542550 00007fc0efbf8900
0x00007fc0efbf88c0:   00007fc0efbf8a50 00000035145e515a
0x00007fc0efbf88d0:   00007fc0d400ecb0 14e5fef000000033
0x00007fc0efbf88e0:   00007fc10c0c7000 00007fc10c0bb060
0x00007fc0efbf88f0:   00007fc10c0c71f8 00007fc1135b1e40
0x00007fc0efbf8900:   00007fc10c0c7000 00007fc10c0bfd70
0x00007fc0efbf8910:   00007fc10c0c7f30 00007fc10c0c7f40
0x00007fc0efbf8920:   00007fc10c0c8018 00000000000000d8
0x00007fc0efbf8930:   00007fc0efbf8d50 00007fc1145cb2cc
0x00007fc0efbf8940:   00007fc10c542550 00007fc1135b1e40
0x00007fc0efbf8950:   00007fc0eed5b198 00007fc10c0c7000
0x00007fc0efbf8960:   00007fc0efbf89b0 00000000d8270ca0
0x00007fc0efbf8970:   00007fc10c004ea0 0000000000000074
0x00007fc0efbf8980:   00007fc10c0c7000 00007fc0efbf8a50
0x00007fc0efbf8990:   00007fc0efbf8a00 00007fc11463bea0
0x00007fc0efbf89a0:   00007fc0efbf89b0 00007fc0efbf8a60
0x00007fc0efbf89b0:   00007fc10c0c7000 0000000000000000
0x00007fc0efbf89c0:   00007fc000000000 0000000000000000
0x00007fc0efbf89d0:   00000000000f0200 00007fc1135b1e40
0x00007fc0efbf89e0:   00007fc0efbf8ad0 00007fc10c542550
0x00007fc0efbf89f0:   00000000000f0200 000000000000000f
0x00007fc0efbf8a00:   00007fc0efbf8a90 00007fc11337e96e
0x00007fc0efbf8a10:   0000000000000073 00007fc11467f909
0x00007fc0efbf8a20:   00007fc0efbf8a60 00007fc11463dc13
0x00007fc0efbf8a30:   00000001d400ef30 00007fc0d400e6d0
0x00007fc0efbf8a40:   00007fc0efbf8a70 00007fc113384ba0
0x00007fc0efbf8a50:   0000000000000000 00007fc0efbf8ad0
0x00007fc0efbf8a60:   0000000000000000 0000000000000002
0x00007fc0efbf8a70:   000000000000000f 0000000000000002
0x00007fc0efbf8a80:   00000000000f0200 000000000000000f
0x00007fc0efbf8a90:   00007fc0efbf8ce0 00007fc1133899c6 

Instructions: (pc=0x00007fc114689c43)
0x00007fc114689c23:   41 8b 00 48 83 c6 08 39 c7 7c e2 44 8d 48 ff 45
0x00007fc114689c33:   89 08 48 63 85 4c ff ff ff 48 8b 95 40 ff ff ff
0x00007fc114689c43:   4c 89 1c c2 83 85 48 ff ff ff 01 8b 85 3c ff ff
0x00007fc114689c53:   ff 39 85 48 ff ff ff 0f 8c e1 fd ff ff 8b 85 3c 

Register to memory mapping:

RAX=0x0000000014e5fef0 is an unknown value
RBX=0x00007fc10c0bfdb0 is an unknown value
RCX=0x00007fc10c009580 is an unknown value
RDX=0x00007fc0d400ecb0 is an unknown value
RSP=0x00007fc0efbf88a0 is pointing into the stack for thread: 0x00007fc10c0c7000
RBP=0x00007fc0efbf8990 is pointing into the stack for thread: 0x00007fc10c0c7000
RSI=0x0000000000000001 is an unknown value
RDI=0x0000000000000001 is an unknown value
R8 =0x00007fc10c0bfdb0 is an unknown value
R9 =0x0000000000000000 is an unknown value
R10=0x0000000000000001 is an unknown value
R11=0x00007fc0d4007c28 is an unknown value
R12=0x00007fc10c004ea0 is an unknown value
R13={method} {0x00007fc0eed5b198} 'checkReferencePresent' '(LMM_uncertainty/Feature;LMM_uncertainty/Class;)LMM_uncertainty/Feature;' in 'org/miso_disim/requirementmetamodel/reduce/OutputMetamodelVisitor'
R14=0x0000000100227458 is pointing into metadata
R15=0x00007fc0efbf8a60 is pointing into the stack for thread: 0x00007fc10c0c7000


Stack: [0x00007fc0efaf9000,0x00007fc0efbfa000],  sp=0x00007fc0efbf88a0,  free space=1022k
Native frames: (J=compiled Java code, j=interpreted, Vv=VM code, C=native code)
V  [libjvm.so+0x78bc43]  JvmtiEnv::GetClassMethods(oopDesc*, int*, _jmethodID***)+0x2f3
V  [libjvm.so+0x73dea0]  jvmti_GetClassMethods+0x290
C  [libjdwp.so+0x696e]  methods1+0x7e
C  [libjdwp.so+0x119c6]  debugLoop_run+0x2b6
C  [libjdwp.so+0x247ff]  attachThread+0x2f
V  [libjvm.so+0x7a63e2]  JvmtiAgentThread::call_start_function()+0xc2
V  [libjvm.so+0xa7343f]  JavaThread::thread_main_inner()+0xdf
V  [libjvm.so+0xa7356c]  JavaThread::run()+0x11c
V  [libjvm.so+0x924698]  java_start(Thread*)+0x108
C  [libpthread.so.0+0x76fa]  start_thread+0xca


---------------  P R O C E S S  ---------------

Java Threads: ( => current thread )
  0x00007fc10c3bc800 JavaThread "EMF Reference Cleaner" daemon [_thread_blocked, id=30832, stack(0x00007fc0ef2f1000,0x00007fc0ef3f2000)]
  0x00007fc10c0d5000 JavaThread "Service Thread" daemon [_thread_blocked, id=30830, stack(0x00007fc0ef4f3000,0x00007fc0ef5f4000)]
  0x00007fc10c0d1800 JavaThread "C1 CompilerThread2" daemon [_thread_blocked, id=30829, stack(0x00007fc0ef5f4000,0x00007fc0ef6f5000)]
  0x00007fc10c0d0000 JavaThread "C2 CompilerThread1" daemon [_thread_blocked, id=30828, stack(0x00007fc0ef6f5000,0x00007fc0ef7f6000)]
  0x00007fc10c0cd000 JavaThread "C2 CompilerThread0" daemon [_thread_blocked, id=30827, stack(0x00007fc0ef7f6000,0x00007fc0ef8f7000)]
  0x00007fc0d4001000 JavaThread "JDWP Command Reader" daemon [_thread_in_native, id=30824, stack(0x00007fc0ef8f7000,0x00007fc0ef9f8000)]
  0x00007fc10c0ca800 JavaThread "JDWP Event Helper Thread" daemon [_thread_blocked, id=30823, stack(0x00007fc0ef9f8000,0x00007fc0efaf9000)]
=>0x00007fc10c0c7000 JavaThread "JDWP Transport Listener: dt_socket" daemon [_thread_in_vm, id=30820, stack(0x00007fc0efaf9000,0x00007fc0efbfa000)]
  0x00007fc10c0ba000 JavaThread "Signal Dispatcher" daemon [_thread_blocked, id=30818, stack(0x00007fc0efdfe000,0x00007fc0efeff000)]
  0x00007fc10c087800 JavaThread "Finalizer" daemon [_thread_blocked, id=30816, stack(0x00007fc0efeff000,0x00007fc0f0000000)]
  0x00007fc10c083000 JavaThread "Reference Handler" daemon [_thread_blocked, id=30815, stack(0x00007fc0f40ce000,0x00007fc0f41cf000)]
  0x00007fc10c00d800 JavaThread "main" [_thread_blocked, id=30808, stack(0x00007fc1159e7000,0x00007fc115ae8000)]

Other Threads:
  0x00007fc10c07b800 VMThread [stack: 0x00007fc0f41cf000,0x00007fc0f42d0000] [id=30814]
  0x00007fc10c0d8000 WatcherThread [stack: 0x00007fc0ef3f2000,0x00007fc0ef4f3000] [id=30831]

VM state:not at safepoint (normal execution)

VM Mutex/Monitor currently owned by a thread: None

Heap:
 PSYoungGen      total 68608K, used 22290K [0x00000000d7380000, 0x00000000dbb80000, 0x0000000100000000)
  eden space 63488K, 27% used [0x00000000d7380000,0x00000000d844c850,0x00000000db180000)
  from space 5120K, 99% used [0x00000000db680000,0x00000000dbb78020,0x00000000dbb80000)
  to   space 5120K, 0% used [0x00000000db180000,0x00000000db180000,0x00000000db680000)
 ParOldGen       total 84992K, used 4269K [0x0000000085a00000, 0x000000008ad00000, 0x00000000d7380000)
  object space 84992K, 5% used [0x0000000085a00000,0x0000000085e2b6f8,0x000000008ad00000)
 Metaspace       used 16787K, capacity 16994K, committed 17152K, reserved 1064960K
  class space    used 2165K, capacity 2247K, committed 2304K, reserved 1048576K

Card table byte_map: [0x00007fc1115c7000,0x00007fc11199b000] byte_map_base: 0x00007fc11119a000

Marking Bits: (ParMarkBitMap*) 0x00007fc114ebf120
 Begin Bits: [0x00007fc0f42d0000, 0x00007fc0f6168000)
 End Bits:   [0x00007fc0f6168000, 0x00007fc0f8000000)

Polling page: 0x00007fc115b0e000

CodeCache: size=245760Kb used=7405Kb max_used=7405Kb free=238354Kb
 bounds [0x00007fc0fd000000, 0x00007fc0fd740000, 0x00007fc10c000000]
 total_blobs=2304 nmethods=1947 adapters=277
 compilation: enabled

Compilation events (10 events):
Event: 2,500 Thread 0x00007fc10c0d1800 1948       3       java.util.stream.StreamOpFlag::combineOpFlags (9 bytes)
Event: 2,500 Thread 0x00007fc10c0d1800 nmethod 1948 0x00007fc0fd73a890 code [0x00007fc0fd73aa00, 0x00007fc0fd73ac10]
Event: 15,152 Thread 0x00007fc10c0d1800 1950       3       jdk.internal.org.objectweb.asm.MethodWriter::visitMethodInsn (220 bytes)
Event: 15,157 Thread 0x00007fc10c0d1800 nmethod 1950 0x00007fc0fd73acd0 code [0x00007fc0fd73aec0, 0x00007fc0fd73b568]
Event: 15,158 Thread 0x00007fc10c0d1800 1951       3       jdk.internal.org.objectweb.asm.ClassWriter::newMethodItem (91 bytes)
Event: 15,162 Thread 0x00007fc10c0d1800 nmethod 1951 0x00007fc0fd73b910 code [0x00007fc0fd73bb00, 0x00007fc0fd73c178]
Event: 15,177 Thread 0x00007fc10c0d1800 1952       3       java.lang.invoke.MethodType::insertParameterTypes (106 bytes)
Event: 15,182 Thread 0x00007fc10c0d1800 nmethod 1952 0x00007fc0fd73c650 code [0x00007fc0fd73c920, 0x00007fc0fd73dc28]
Event: 46,732 Thread 0x00007fc10c0d1800 1953       3       java.lang.AbstractStringBuilder::append (50 bytes)
Event: 46,733 Thread 0x00007fc10c0d1800 nmethod 1953 0x00007fc0fd73e7d0 code [0x00007fc0fd73e980, 0x00007fc0fd73ee88]

GC Heap History (4 events):
Event: 1,144 GC heap before
{Heap before GC invocations=1 (full 0):
 PSYoungGen      total 36864K, used 31744K [0x00000000d7380000, 0x00000000d9c80000, 0x0000000100000000)
  eden space 31744K, 100% used [0x00000000d7380000,0x00000000d9280000,0x00000000d9280000)
  from space 5120K, 0% used [0x00000000d9780000,0x00000000d9780000,0x00000000d9c80000)
  to   space 5120K, 0% used [0x00000000d9280000,0x00000000d9280000,0x00000000d9780000)
 ParOldGen       total 84992K, used 0K [0x0000000085a00000, 0x000000008ad00000, 0x00000000d7380000)
  object space 84992K, 0% used [0x0000000085a00000,0x0000000085a00000,0x000000008ad00000)
 Metaspace       used 9760K, capacity 9884K, committed 10112K, reserved 1058816K
  class space    used 1113K, capacity 1140K, committed 1152K, reserved 1048576K
Event: 1,156 GC heap after
Heap after GC invocations=1 (full 0):
 PSYoungGen      total 36864K, used 5097K [0x00000000d7380000, 0x00000000dbb80000, 0x0000000100000000)
  eden space 31744K, 0% used [0x00000000d7380000,0x00000000d7380000,0x00000000d9280000)
  from space 5120K, 99% used [0x00000000d9280000,0x00000000d977a5a8,0x00000000d9780000)
  to   space 5120K, 0% used [0x00000000db680000,0x00000000db680000,0x00000000dbb80000)
 ParOldGen       total 84992K, used 1712K [0x0000000085a00000, 0x000000008ad00000, 0x00000000d7380000)
  object space 84992K, 2% used [0x0000000085a00000,0x0000000085bac200,0x000000008ad00000)
 Metaspace       used 9760K, capacity 9884K, committed 10112K, reserved 1058816K
  class space    used 1113K, capacity 1140K, committed 1152K, reserved 1048576K
}
Event: 2,020 GC heap before
{Heap before GC invocations=2 (full 0):
 PSYoungGen      total 36864K, used 36841K [0x00000000d7380000, 0x00000000dbb80000, 0x0000000100000000)
  eden space 31744K, 100% used [0x00000000d7380000,0x00000000d9280000,0x00000000d9280000)
  from space 5120K, 99% used [0x00000000d9280000,0x00000000d977a5a8,0x00000000d9780000)
  to   space 5120K, 0% used [0x00000000db680000,0x00000000db680000,0x00000000dbb80000)
 ParOldGen       total 84992K, used 1712K [0x0000000085a00000, 0x000000008ad00000, 0x00000000d7380000)
  object space 84992K, 2% used [0x0000000085a00000,0x0000000085bac200,0x000000008ad00000)
 Metaspace       used 13618K, capacity 13716K, committed 14080K, reserved 1060864K
  class space    used 1663K, capacity 1688K, committed 1792K, reserved 1048576K
Event: 2,037 GC heap after
Heap after GC invocations=2 (full 0):
 PSYoungGen      total 68608K, used 5088K [0x00000000d7380000, 0x00000000dbb80000, 0x0000000100000000)
  eden space 63488K, 0% used [0x00000000d7380000,0x00000000d7380000,0x00000000db180000)
  from space 5120K, 99% used [0x00000000db680000,0x00000000dbb78020,0x00000000dbb80000)
  to   space 5120K, 0% used [0x00000000db180000,0x00000000db180000,0x00000000db680000)
 ParOldGen       total 84992K, used 4269K [0x0000000085a00000, 0x000000008ad00000, 0x00000000d7380000)
  object space 84992K, 5% used [0x0000000085a00000,0x0000000085e2b6f8,0x000000008ad00000)
 Metaspace       used 13618K, capacity 13716K, committed 14080K, reserved 1060864K
  class space    used 1663K, capacity 1688K, committed 1792K, reserved 1048576K
}

Deoptimization events (10 events):
Event: 2,208 Thread 0x00007fc10c00d800 Uncommon trap: reason=null_check action=make_not_entrant pc=0x00007fc0fd507124 method=org.eclipse.emf.common.util.BasicEList.assign(ILjava/lang/Object;)Ljava/lang/Object; @ 6
Event: 2,223 Thread 0x00007fc10c00d800 Uncommon trap: reason=bimorphic action=maybe_recompile pc=0x00007fc0fd3a490c method=org.eclipse.emf.ecore.impl.BasicEObjectImpl.eInternalResource()Lorg/eclipse/emf/ecore/resource/Resource$Internal; @ 56
Event: 2,246 Thread 0x00007fc10c00d800 Uncommon trap: reason=unstable_if action=reinterpret pc=0x00007fc0fd28a9b8 method=java.lang.String.replace(CC)Ljava/lang/String; @ 26
Event: 2,247 Thread 0x00007fc10c00d800 Uncommon trap: reason=class_check action=maybe_recompile pc=0x00007fc0fd69cf04 method=java.util.LinkedHashMap.afterNodeInsertion(Z)V @ 15
Event: 2,358 Thread 0x00007fc10c00d800 Uncommon trap: reason=unstable_if action=reinterpret pc=0x00007fc0fd2229dc method=java.util.Arrays.equals([B[B)Z @ 2
Event: 2,438 Thread 0x00007fc10c00d800 Uncommon trap: reason=null_check action=make_not_entrant pc=0x00007fc0fd6518f4 method=org.eclipse.emf.ecore.impl.EClassImpl.getEAllStructuralFeatures()Lorg/eclipse/emf/common/util/EList; @ 182
Event: 2,439 Thread 0x00007fc10c00d800 Uncommon trap: reason=bimorphic action=maybe_recompile pc=0x00007fc0fd4dda1c method=org.eclipse.emf.ecore.impl.EClassifierImpl.getEPackage()Lorg/eclipse/emf/ecore/EPackage; @ 22
Event: 2,443 Thread 0x00007fc10c00d800 Uncommon trap: reason=bimorphic action=maybe_recompile pc=0x00007fc0fd4dda1c method=org.eclipse.emf.ecore.impl.EClassifierImpl.getEPackage()Lorg/eclipse/emf/ecore/EPackage; @ 22
Event: 2,443 Thread 0x00007fc10c00d800 Uncommon trap: reason=bimorphic action=maybe_recompile pc=0x00007fc0fd4dda1c method=org.eclipse.emf.ecore.impl.EClassifierImpl.getEPackage()Lorg/eclipse/emf/ecore/EPackage; @ 22
Event: 22,542 Thread 0x00007fc10c00d800 Uncommon trap: reason=unstable_if action=reinterpret pc=0x00007fc0fd2d8bb0 method=java.lang.AbstractStringBuilder.append(Ljava/lang/String;)Ljava/lang/AbstractStringBuilder; @ 1

Internal exceptions (10 events):
Event: 0,460 Thread 0x00007fc10c00d800 Exception <a 'java/security/PrivilegedActionException'> (0x00000000d80c5188) thrown at [/HUDSON3/workspace/8-2-build-linux-amd64/jdk8u101/7261/hotspot/src/share/vm/prims/jvm.cpp, line 1386]
Event: 0,461 Thread 0x00007fc10c00d800 Exception <a 'java/security/PrivilegedActionException'> (0x00000000d80c75c8) thrown at [/HUDSON3/workspace/8-2-build-linux-amd64/jdk8u101/7261/hotspot/src/share/vm/prims/jvm.cpp, line 1386]
Event: 0,461 Thread 0x00007fc10c00d800 Exception <a 'java/security/PrivilegedActionException'> (0x00000000d80c77d8) thrown at [/HUDSON3/workspace/8-2-build-linux-amd64/jdk8u101/7261/hotspot/src/share/vm/prims/jvm.cpp, line 1386]
Event: 1,177 Thread 0x00007fc10c00d800 Implicit null exception at 0x00007fc0fd2ca8b4 to 0x00007fc0fd2cab59
Event: 1,408 Thread 0x00007fc10c00d800 Implicit null exception at 0x00007fc0fd4ff118 to 0x00007fc0fd4ff63d
Event: 2,208 Thread 0x00007fc10c00d800 Implicit null exception at 0x00007fc0fd506f94 to 0x00007fc0fd507115
Event: 2,342 Thread 0x00007fc10c00d800 Exception <a 'java/lang/NoSuchFieldError': method resolution failed> (0x00000000d803e830) thrown at [/HUDSON3/workspace/8-2-build-linux-amd64/jdk8u101/7261/hotspot/src/share/vm/prims/methodHandles.cpp, line 1146]
Event: 2,346 Thread 0x00007fc10c00d800 Exception <a 'java/lang/NoSuchFieldError': method resolution failed> (0x00000000d804bef0) thrown at [/HUDSON3/workspace/8-2-build-linux-amd64/jdk8u101/7261/hotspot/src/share/vm/prims/methodHandles.cpp, line 1146]
Event: 2,438 Thread 0x00007fc10c00d800 Implicit null exception at 0x00007fc0fd64bff9 to 0x00007fc0fd6518d9
Event: 22,542 Thread 0x00007fc10c00d800 Implicit null exception at 0x00007fc0fd2d86b4 to 0x00007fc0fd2d8b99

Events (10 events):
Event: 580,978 Executing VM operation: GetCurrentLocation
Event: 580,979 Executing VM operation: GetCurrentLocation done
Event: 580,979 Executing VM operation: EnterInterpOnlyMode
Event: 580,979 Executing VM operation: EnterInterpOnlyMode done
Event: 580,979 Executing VM operation: ChangeSingleStep
Event: 580,979 Executing VM operation: ChangeSingleStep done
Event: 580,979 Executing VM operation: ChangeSingleStep
Event: 580,979 Executing VM operation: ChangeSingleStep done
Event: 580,994 Executing VM operation: RedefineClasses
Event: 581,010 Executing VM operation: RedefineClasses done


Dynamic libraries:
00400000-00401000 r-xp 00000000 103:02 7604569                           /usr/lib/jvm/java-8-oracle/bin/java
00600000-00601000 rw-p 00000000 103:02 7604569                           /usr/lib/jvm/java-8-oracle/bin/java
01d85000-01da6000 rw-p 00000000 00:00 0                                  [heap]
85a00000-8ad00000 rw-p 00000000 00:00 0 
8ad00000-d7380000 ---p 00000000 00:00 0 
d7380000-dbb80000 rw-p 00000000 00:00 0 
dbb80000-100000000 ---p 00000000 00:00 0 
100000000-100240000 rw-p 00000000 00:00 0 
100240000-140000000 ---p 00000000 00:00 0 
7fc0b0000000-7fc0b0021000 rw-p 00000000 00:00 0 
7fc0b0021000-7fc0b4000000 ---p 00000000 00:00 0 
7fc0b4000000-7fc0b4021000 rw-p 00000000 00:00 0 
7fc0b4021000-7fc0b8000000 ---p 00000000 00:00 0 
7fc0b8000000-7fc0b8cd7000 rw-p 00000000 00:00 0 
7fc0b8cd7000-7fc0bc000000 ---p 00000000 00:00 0 
7fc0bc000000-7fc0bc021000 rw-p 00000000 00:00 0 
7fc0bc021000-7fc0c0000000 ---p 00000000 00:00 0 
7fc0c0000000-7fc0c1285000 rw-p 00000000 00:00 0 
7fc0c1285000-7fc0c4000000 ---p 00000000 00:00 0 
7fc0c4000000-7fc0c5010000 rw-p 00000000 00:00 0 
7fc0c5010000-7fc0c8000000 ---p 00000000 00:00 0 
7fc0c8000000-7fc0c8021000 rw-p 00000000 00:00 0 
7fc0c8021000-7fc0cc000000 ---p 00000000 00:00 0 
7fc0cc000000-7fc0cc021000 rw-p 00000000 00:00 0 
7fc0cc021000-7fc0d0000000 ---p 00000000 00:00 0 
7fc0d0000000-7fc0d0021000 rw-p 00000000 00:00 0 
7fc0d0021000-7fc0d4000000 ---p 00000000 00:00 0 
7fc0d4000000-7fc0d42cf000 rw-p 00000000 00:00 0 
7fc0d42cf000-7fc0d8000000 ---p 00000000 00:00 0 
7fc0d8000000-7fc0d8021000 rw-p 00000000 00:00 0 
7fc0d8021000-7fc0dc000000 ---p 00000000 00:00 0 
7fc0dc000000-7fc0dc021000 rw-p 00000000 00:00 0 
7fc0dc021000-7fc0e0000000 ---p 00000000 00:00 0 
7fc0e0000000-7fc0e0021000 rw-p 00000000 00:00 0 
7fc0e0021000-7fc0e4000000 ---p 00000000 00:00 0 
7fc0e4000000-7fc0e4021000 rw-p 00000000 00:00 0 
7fc0e4021000-7fc0e8000000 ---p 00000000 00:00 0 
7fc0e8000000-7fc0e8021000 rw-p 00000000 00:00 0 
7fc0e8021000-7fc0ec000000 ---p 00000000 00:00 0 
7fc0eea56000-7fc0eec56000 rw-p 00000000 00:00 0 
7fc0eecf1000-7fc0eed71000 rw-p 00000000 00:00 0 
7fc0eed71000-7fc0eeef1000 ---p 00000000 00:00 0 
7fc0eeef1000-7fc0ef0f1000 rw-p 00000000 00:00 0 
7fc0ef0f1000-7fc0ef2f1000 rw-p 00000000 00:00 0 
7fc0ef2f1000-7fc0ef2f4000 ---p 00000000 00:00 0 
7fc0ef2f4000-7fc0ef3f2000 rw-p 00000000 00:00 0 
7fc0ef3f2000-7fc0ef3f3000 ---p 00000000 00:00 0 
7fc0ef3f3000-7fc0ef4f3000 rw-p 00000000 00:00 0 
7fc0ef4f3000-7fc0ef4f6000 ---p 00000000 00:00 0 
7fc0ef4f6000-7fc0ef5f4000 rw-p 00000000 00:00 0 
7fc0ef5f4000-7fc0ef5f7000 ---p 00000000 00:00 0 
7fc0ef5f7000-7fc0ef6f5000 rw-p 00000000 00:00 0 
7fc0ef6f5000-7fc0ef6f8000 ---p 00000000 00:00 0 
7fc0ef6f8000-7fc0ef7f6000 rw-p 00000000 00:00 0 
7fc0ef7f6000-7fc0ef7f9000 ---p 00000000 00:00 0 
7fc0ef7f9000-7fc0ef8f7000 rw-p 00000000 00:00 0 
7fc0ef8f7000-7fc0ef8fa000 ---p 00000000 00:00 0 
7fc0ef8fa000-7fc0ef9f8000 rw-p 00000000 00:00 0 
7fc0ef9f8000-7fc0ef9fb000 ---p 00000000 00:00 0 
7fc0ef9fb000-7fc0efaf9000 rw-p 00000000 00:00 0 
7fc0efaf9000-7fc0efafc000 ---p 00000000 00:00 0 
7fc0efafc000-7fc0efbfa000 rw-p 00000000 00:00 0 
7fc0efbfa000-7fc0efbfe000 r-xp 00000000 103:02 7605171                   /usr/lib/jvm/java-8-oracle/jre/lib/amd64/libdt_socket.so
7fc0efbfe000-7fc0efdfd000 ---p 00004000 103:02 7605171                   /usr/lib/jvm/java-8-oracle/jre/lib/amd64/libdt_socket.so
7fc0efdfd000-7fc0efdfe000 rw-p 00003000 103:02 7605171                   /usr/lib/jvm/java-8-oracle/jre/lib/amd64/libdt_socket.so
7fc0efdfe000-7fc0efe01000 ---p 00000000 00:00 0 
7fc0efe01000-7fc0efeff000 rw-p 00000000 00:00 0 
7fc0efeff000-7fc0eff02000 ---p 00000000 00:00 0 
7fc0eff02000-7fc0f0000000 rw-p 00000000 00:00 0 
7fc0f0000000-7fc0f0021000 rw-p 00000000 00:00 0 
7fc0f0021000-7fc0f4000000 ---p 00000000 00:00 0 
7fc0f403e000-7fc0f4041000 r--s 0001a000 103:02 7605294                   /usr/lib/jvm/java-8-oracle/jre/lib/jce.jar
7fc0f4041000-7fc0f4045000 r--s 00097000 103:02 7605076                   /usr/lib/jvm/java-8-oracle/jre/lib/jsse.jar
7fc0f4045000-7fc0f4046000 r--s 0001a000 103:02 7742022                   /home/juri/.p2/pool/plugins/org.eclipse.m2m.atl.emftvm.compiler_3.8.0.v201608191430.jar
7fc0f4046000-7fc0f4048000 r--s 0000e000 103:02 7742032                   /home/juri/.p2/pool/plugins/org.eclipse.m2m.atl.emftvm.trace_3.8.0.v201608191430.jar
7fc0f4048000-7fc0f4056000 r--s 000b5000 103:02 7742021                   /home/juri/.p2/pool/plugins/org.eclipse.m2m.atl.emftvm_3.8.0.v201608191430.jar
7fc0f4056000-7fc0f4065000 r--s 0010b000 103:02 7741520                   /home/juri/.p2/pool/plugins/org.eclipse.ocl_3.6.0.v20160523-1914.jar
7fc0f4065000-7fc0f40a7000 r--s 00398000 103:02 7740904                   /home/juri/.p2/pool/plugins/org.eclipse.ui.workbench_3.108.0.v20160602-1232.jar
7fc0f40a7000-7fc0f40b9000 r--s 000f8000 103:02 7740981                   /home/juri/.p2/pool/plugins/org.eclipse.jface_3.12.0.v20160518-1929.jar
7fc0f40b9000-7fc0f40ce000 r--s 0028f000 103:02 7740872                   /home/juri/.p2/pool/plugins/org.eclipse.swt.gtk.linux.x86_64_3.105.0.v20160603-0902.jar
7fc0f40ce000-7fc0f40d1000 ---p 00000000 00:00 0 
7fc0f40d1000-7fc0f41cf000 rw-p 00000000 00:00 0 
7fc0f41cf000-7fc0f41d0000 ---p 00000000 00:00 0 
7fc0f41d0000-7fc0f8000000 rw-p 00000000 00:00 0 
7fc0f8000000-7fc0f8021000 rw-p 00000000 00:00 0 
7fc0f8021000-7fc0fc000000 ---p 00000000 00:00 0 
7fc0fc000000-7fc0fc006000 r--s 00055000 103:02 7741527                   /home/juri/.p2/pool/plugins/org.eclipse.ocl.ecore_3.6.0.v20160523-1914.jar
7fc0fc006000-7fc0fc008000 r--s 00007000 103:02 7741521                   /home/juri/.p2/pool/plugins/org.eclipse.ocl.common_1.4.0.v20160521-2033.jar
7fc0fc008000-7fc0fc00b000 r--s 00019000 103:02 7741515                   /home/juri/.p2/pool/plugins/lpg.runtime.java_2.0.17.v201004271640.jar
7fc0fc00b000-7fc0fc00c000 r--s 00002000 103:02 7740050                   /home/juri/.p2/pool/plugins/org.eclipse.e4.ui.workbench3_0.13.100.v20160506-0759.jar
7fc0fc00c000-7fc0fc010000 r--s 00019000 103:02 7741155                   /home/juri/.p2/pool/plugins/org.eclipse.core.commands_3.8.0.v20160316-1921.jar
7fc0fc010000-7fc0fc011000 r--s 00004000 103:02 7740605                   /home/juri/.p2/pool/plugins/org.eclipse.swt_3.105.0.v20160603-0902.jar
7fc0fc011000-7fc0fc046000 r--s 00210000 103:02 9045579                   /home/juri/development/workspaces/FootprintUI/anatlyzer.use.witness/lib/plantuml.jar
7fc0fc046000-7fc0fc0e6000 r--s 00887000 103:02 9045581                   /home/juri/development/workspaces/FootprintUI/anatlyzer.use.witness/lib/dist/transml_use_complete.jar
7fc0fc0e6000-7fc0fc0f1000 r--s 000cd000 103:02 7740911                   /home/juri/.p2/pool/plugins/org.eclipse.core.resources_3.11.0.v20160503-1608.jar
7fc0fc0f1000-7fc0fd000000 rw-p 00000000 00:00 0 
7fc0fd000000-7fc0fd740000 rwxp 00000000 00:00 0 
7fc0fd740000-7fc10c000000 ---p 00000000 00:00 0 
7fc10c000000-7fc10cd6b000 rw-p 00000000 00:00 0 
7fc10cd6b000-7fc110000000 ---p 00000000 00:00 0 
7fc110000000-7fc110009000 r--s 00058000 103:02 7741023                   /home/juri/.p2/pool/plugins/org.eclipse.ui_3.108.0.v20160518-1929.jar
7fc110009000-7fc11000b000 r--s 00005000 103:02 7741959                   /home/juri/.p2/pool/plugins/org.eclipse.m2m.atl.core_3.6.0.v201505180909.jar
7fc11000b000-7fc11000d000 r--s 00005000 103:02 7741962                   /home/juri/.p2/pool/plugins/org.eclipse.m2m.atl.core.emf_3.6.0.v201505180909.jar
7fc11000d000-7fc110010000 r--s 0005e000 103:02 7741978                   /home/juri/.p2/pool/plugins/org.eclipse.m2m.atl.engine_3.6.0.v201505180909.jar
7fc110010000-7fc110012000 r--s 00005000 103:02 7741957                   /home/juri/.p2/pool/plugins/org.eclipse.m2m.atl.common_3.6.0.v201505180909.jar
7fc110012000-7fc110015000 r--s 00019000 103:02 7741434                   /home/juri/.p2/pool/plugins/org.antlr.runtime_3.0.0.v200803061811.jar
7fc110015000-7fc110018000 r--s 0004c000 103:02 7741976                   /home/juri/.p2/pool/plugins/org.eclipse.m2m.atl.dsls_3.6.0.v201505180909.jar
7fc110018000-7fc11001f000 r--s 00051000 103:02 7740979                   /home/juri/.p2/pool/plugins/org.eclipse.emf.common_2.12.0.v20160420-0247.jar
7fc11001f000-7fc110031000 r--s 00111000 103:02 7740894                   /home/juri/.p2/pool/plugins/org.eclipse.emf.ecore_2.12.0.v20160420-0247.jar
7fc110031000-7fc110035000 r--s 00035000 103:02 7741234                   /home/juri/.p2/pool/plugins/org.eclipse.emf.ecore.xmi_2.12.0.v20160420-0247.jar
7fc110035000-7fc110036000 r--s 00002000 103:02 7740098                   /home/juri/.p2/pool/plugins/org.eclipse.emf_2.6.0.v20160526-0356.jar
7fc110036000-7fc110038000 r--s 00014000 103:02 7741218                   /home/juri/.p2/pool/plugins/org.eclipse.equinox.app_1.3.400.v20150715-1528.jar
7fc110038000-7fc11003a000 r--s 00017000 103:02 7740830                   /home/juri/.p2/pool/plugins/org.eclipse.core.contenttype_3.5.100.v20160418-1621.jar
7fc11003a000-7fc11003d000 r--s 0001e000 103:02 7741340                   /home/juri/.p2/pool/plugins/org.eclipse.equinox.preferences_3.6.0.v20160120-1756.jar
7fc11003d000-7fc110041000 r--s 0002a000 103:02 7741080                   /home/juri/.p2/pool/plugins/org.eclipse.equinox.registry_3.6.100.v20160223-2218.jar
7fc110041000-7fc110114000 rw-p 00000000 00:00 0 
7fc110114000-7fc1102ed000 r--s 03d29000 103:02 7605124                   /usr/lib/jvm/java-8-oracle/jre/lib/rt.jar
7fc1102ed000-7fc110f36000 rw-p 00000000 00:00 0 
7fc110f36000-7fc110f37000 ---p 00000000 00:00 0 
7fc110f37000-7fc111037000 rw-p 00000000 00:00 0 
7fc111037000-7fc111038000 ---p 00000000 00:00 0 
7fc111038000-7fc111138000 rw-p 00000000 00:00 0 
7fc111138000-7fc111139000 ---p 00000000 00:00 0 
7fc111139000-7fc111239000 rw-p 00000000 00:00 0 
7fc111239000-7fc11123a000 ---p 00000000 00:00 0 
7fc11123a000-7fc111364000 rw-p 00000000 00:00 0 
7fc111364000-7fc1115c7000 ---p 00000000 00:00 0 
7fc1115c7000-7fc1115f1000 rw-p 00000000 00:00 0 
7fc1115f1000-7fc111853000 ---p 00000000 00:00 0 
7fc111853000-7fc111878000 rw-p 00000000 00:00 0 
7fc111878000-7fc11199a000 ---p 00000000 00:00 0 
7fc11199a000-7fc1119b8000 rw-p 00000000 00:00 0 
7fc1119b8000-7fc111d5b000 ---p 00000000 00:00 0 
7fc111d5b000-7fc111d75000 r-xp 00000000 103:02 7605153                   /usr/lib/jvm/java-8-oracle/jre/lib/amd64/libzip.so
7fc111d75000-7fc111f75000 ---p 0001a000 103:02 7605153                   /usr/lib/jvm/java-8-oracle/jre/lib/amd64/libzip.so
7fc111f75000-7fc111f76000 rw-p 0001a000 103:02 7605153                   /usr/lib/jvm/java-8-oracle/jre/lib/amd64/libzip.so
7fc111f76000-7fc111f81000 r-xp 00000000 103:02 12063208                  /lib/x86_64-linux-gnu/libnss_files-2.23.so
7fc111f81000-7fc112180000 ---p 0000b000 103:02 12063208                  /lib/x86_64-linux-gnu/libnss_files-2.23.so
7fc112180000-7fc112181000 r--p 0000a000 103:02 12063208                  /lib/x86_64-linux-gnu/libnss_files-2.23.so
7fc112181000-7fc112182000 rw-p 0000b000 103:02 12063208                  /lib/x86_64-linux-gnu/libnss_files-2.23.so
7fc112182000-7fc112188000 rw-p 00000000 00:00 0 
7fc112188000-7fc112193000 r-xp 00000000 103:02 12063218                  /lib/x86_64-linux-gnu/libnss_nis-2.23.so
7fc112193000-7fc112392000 ---p 0000b000 103:02 12063218                  /lib/x86_64-linux-gnu/libnss_nis-2.23.so
7fc112392000-7fc112393000 r--p 0000a000 103:02 12063218                  /lib/x86_64-linux-gnu/libnss_nis-2.23.so
7fc112393000-7fc112394000 rw-p 0000b000 103:02 12063218                  /lib/x86_64-linux-gnu/libnss_nis-2.23.so
7fc112394000-7fc1123aa000 r-xp 00000000 103:02 12063202                  /lib/x86_64-linux-gnu/libnsl-2.23.so
7fc1123aa000-7fc1125a9000 ---p 00016000 103:02 12063202                  /lib/x86_64-linux-gnu/libnsl-2.23.so
7fc1125a9000-7fc1125aa000 r--p 00015000 103:02 12063202                  /lib/x86_64-linux-gnu/libnsl-2.23.so
7fc1125aa000-7fc1125ab000 rw-p 00016000 103:02 12063202                  /lib/x86_64-linux-gnu/libnsl-2.23.so
7fc1125ab000-7fc1125ad000 rw-p 00000000 00:00 0 
7fc1125ad000-7fc1125b5000 r-xp 00000000 103:02 12063204                  /lib/x86_64-linux-gnu/libnss_compat-2.23.so
7fc1125b5000-7fc1127b4000 ---p 00008000 103:02 12063204                  /lib/x86_64-linux-gnu/libnss_compat-2.23.so
7fc1127b4000-7fc1127b5000 r--p 00007000 103:02 12063204                  /lib/x86_64-linux-gnu/libnss_compat-2.23.so
7fc1127b5000-7fc1127b6000 rw-p 00008000 103:02 12063204                  /lib/x86_64-linux-gnu/libnss_compat-2.23.so
7fc1127b6000-7fc113175000 r--p 00000000 103:02 6822848                   /usr/lib/locale/locale-archive
7fc113175000-7fc113177000 r-xp 00000000 103:02 7605161                   /usr/lib/jvm/java-8-oracle/jre/lib/amd64/libnpt.so
7fc113177000-7fc113377000 ---p 00002000 103:02 7605161                   /usr/lib/jvm/java-8-oracle/jre/lib/amd64/libnpt.so
7fc113377000-7fc113378000 rw-p 00002000 103:02 7605161                   /usr/lib/jvm/java-8-oracle/jre/lib/amd64/libnpt.so
7fc113378000-7fc1133b1000 r-xp 00000000 103:02 7605129                   /usr/lib/jvm/java-8-oracle/jre/lib/amd64/libjdwp.so
7fc1133b1000-7fc1135b0000 ---p 00039000 103:02 7605129                   /usr/lib/jvm/java-8-oracle/jre/lib/amd64/libjdwp.so
7fc1135b0000-7fc1135b2000 rw-p 00038000 103:02 7605129                   /usr/lib/jvm/java-8-oracle/jre/lib/amd64/libjdwp.so
7fc1135b2000-7fc1135dc000 r-xp 00000000 103:02 7605179                   /usr/lib/jvm/java-8-oracle/jre/lib/amd64/libjava.so
7fc1135dc000-7fc1137dc000 ---p 0002a000 103:02 7605179                   /usr/lib/jvm/java-8-oracle/jre/lib/amd64/libjava.so
7fc1137dc000-7fc1137de000 rw-p 0002a000 103:02 7605179                   /usr/lib/jvm/java-8-oracle/jre/lib/amd64/libjava.so
7fc1137de000-7fc1137eb000 r-xp 00000000 103:02 7605133                   /usr/lib/jvm/java-8-oracle/jre/lib/amd64/libverify.so
7fc1137eb000-7fc1139eb000 ---p 0000d000 103:02 7605133                   /usr/lib/jvm/java-8-oracle/jre/lib/amd64/libverify.so
7fc1139eb000-7fc1139ed000 rw-p 0000d000 103:02 7605133                   /usr/lib/jvm/java-8-oracle/jre/lib/amd64/libverify.so
7fc1139ed000-7fc1139f4000 r-xp 00000000 103:02 12063263                  /lib/x86_64-linux-gnu/librt-2.23.so
7fc1139f4000-7fc113bf3000 ---p 00007000 103:02 12063263                  /lib/x86_64-linux-gnu/librt-2.23.so
7fc113bf3000-7fc113bf4000 r--p 00006000 103:02 12063263                  /lib/x86_64-linux-gnu/librt-2.23.so
7fc113bf4000-7fc113bf5000 rw-p 00007000 103:02 12063263                  /lib/x86_64-linux-gnu/librt-2.23.so
7fc113bf5000-7fc113cfd000 r-xp 00000000 103:02 12063179                  /lib/x86_64-linux-gnu/libm-2.23.so
7fc113cfd000-7fc113efc000 ---p 00108000 103:02 12063179                  /lib/x86_64-linux-gnu/libm-2.23.so
7fc113efc000-7fc113efd000 r--p 00107000 103:02 12063179                  /lib/x86_64-linux-gnu/libm-2.23.so
7fc113efd000-7fc113efe000 rw-p 00108000 103:02 12063179                  /lib/x86_64-linux-gnu/libm-2.23.so
7fc113efe000-7fc114bc9000 r-xp 00000000 103:02 7605183                   /usr/lib/jvm/java-8-oracle/jre/lib/amd64/server/libjvm.so
7fc114bc9000-7fc114dc8000 ---p 00ccb000 103:02 7605183                   /usr/lib/jvm/java-8-oracle/jre/lib/amd64/server/libjvm.so
7fc114dc8000-7fc114ea1000 rw-p 00cca000 103:02 7605183                   /usr/lib/jvm/java-8-oracle/jre/lib/amd64/server/libjvm.so
7fc114ea1000-7fc114eec000 rw-p 00000000 00:00 0 
7fc114eec000-7fc1150ac000 r-xp 00000000 103:02 12063109                  /lib/x86_64-linux-gnu/libc-2.23.so
7fc1150ac000-7fc1152ab000 ---p 001c0000 103:02 12063109                  /lib/x86_64-linux-gnu/libc-2.23.so
7fc1152ab000-7fc1152af000 r--p 001bf000 103:02 12063109                  /lib/x86_64-linux-gnu/libc-2.23.so
7fc1152af000-7fc1152b1000 rw-p 001c3000 103:02 12063109                  /lib/x86_64-linux-gnu/libc-2.23.so
7fc1152b1000-7fc1152b5000 rw-p 00000000 00:00 0 
7fc1152b5000-7fc1152b8000 r-xp 00000000 103:02 12063133                  /lib/x86_64-linux-gnu/libdl-2.23.so
7fc1152b8000-7fc1154b7000 ---p 00003000 103:02 12063133                  /lib/x86_64-linux-gnu/libdl-2.23.so
7fc1154b7000-7fc1154b8000 r--p 00002000 103:02 12063133                  /lib/x86_64-linux-gnu/libdl-2.23.so
7fc1154b8000-7fc1154b9000 rw-p 00003000 103:02 12063133                  /lib/x86_64-linux-gnu/libdl-2.23.so
7fc1154b9000-7fc1154ce000 r-xp 00000000 103:02 7209499                   /usr/lib/jvm/java-8-oracle/lib/amd64/jli/libjli.so
7fc1154ce000-7fc1156ce000 ---p 00015000 103:02 7209499                   /usr/lib/jvm/java-8-oracle/lib/amd64/jli/libjli.so
7fc1156ce000-7fc1156cf000 rw-p 00015000 103:02 7209499                   /usr/lib/jvm/java-8-oracle/lib/amd64/jli/libjli.so
7fc1156cf000-7fc1156e7000 r-xp 00000000 103:02 12063255                  /lib/x86_64-linux-gnu/libpthread-2.23.so
7fc1156e7000-7fc1158e6000 ---p 00018000 103:02 12063255                  /lib/x86_64-linux-gnu/libpthread-2.23.so
7fc1158e6000-7fc1158e7000 r--p 00017000 103:02 12063255                  /lib/x86_64-linux-gnu/libpthread-2.23.so
7fc1158e7000-7fc1158e8000 rw-p 00018000 103:02 12063255                  /lib/x86_64-linux-gnu/libpthread-2.23.so
7fc1158e8000-7fc1158ec000 rw-p 00000000 00:00 0 
7fc1158ec000-7fc115912000 r-xp 00000000 103:02 12063081                  /lib/x86_64-linux-gnu/ld-2.23.so
7fc115912000-7fc115915000 r--s 00019000 103:02 7741384                   /home/juri/.p2/pool/plugins/org.eclipse.core.jobs_3.8.0.v20160509-0411.jar
7fc115915000-7fc115918000 r--s 0001b000 103:02 7741356                   /home/juri/.p2/pool/plugins/org.eclipse.equinox.common_3.8.0.v20160509-1230.jar
7fc115918000-7fc115919000 r--s 00003000 103:02 7740179                   /home/juri/.p2/pool/plugins/org.eclipse.wst.jsdt.nashorn.extension_1.0.0.v201605131737.jar
7fc115919000-7fc11591c000 r--s 00039000 103:02 7741044                   /home/juri/.p2/pool/plugins/org.eclipse.osgi.compatibility.state_1.0.200.v20160504-1419.jar
7fc11591c000-7fc1159e7000 rw-p 00000000 00:00 0 
7fc1159e7000-7fc1159ea000 ---p 00000000 00:00 0 
7fc1159ea000-7fc115aec000 rw-p 00000000 00:00 0 
7fc115aec000-7fc115b01000 r--s 0013d000 103:02 7740889                   /home/juri/.p2/pool/plugins/org.eclipse.osgi_3.11.0.v20160603-1336.jar
7fc115b01000-7fc115b03000 r--s 00003000 103:02 7740205                   /home/juri/.p2/pool/plugins/javax.inject_1.0.0.v20091030.jar
7fc115b03000-7fc115b05000 r--s 00011000 103:02 7740788                   /home/juri/.p2/pool/plugins/org.eclipse.core.runtime_3.12.0.v20160606-1342.jar
7fc115b05000-7fc115b0d000 rw-s 00000000 103:02 7079773                   /tmp/hsperfdata_juri/30802
7fc115b0d000-7fc115b0e000 rw-p 00000000 00:00 0 
7fc115b0e000-7fc115b0f000 r--p 00000000 00:00 0 
7fc115b0f000-7fc115b11000 rw-p 00000000 00:00 0 
7fc115b11000-7fc115b12000 r--p 00025000 103:02 12063081                  /lib/x86_64-linux-gnu/ld-2.23.so
7fc115b12000-7fc115b13000 rw-p 00026000 103:02 12063081                  /lib/x86_64-linux-gnu/ld-2.23.so
7fc115b13000-7fc115b14000 rw-p 00000000 00:00 0 
7ffe047e9000-7ffe0480b000 rw-p 00000000 00:00 0                          [stack]
7ffe0493b000-7ffe0493d000 r--p 00000000 00:00 0                          [vvar]
7ffe0493d000-7ffe0493f000 r-xp 00000000 00:00 0                          [vdso]
ffffffffff600000-ffffffffff601000 r-xp 00000000 00:00 0                  [vsyscall]

VM Arguments:
jvm_args: -agentlib:jdwp=transport=dt_socket,suspend=y,address=localhost:40190 -Dfile.encoding=UTF-8 
java_command: org.miso_disim.requirementmetamodel.reduce.TestMain
java_class_path (initial): /home/juri/.p2/pool/plugins/org.eclipse.core.runtime_3.12.0.v20160606-1342.jar:/home/juri/.p2/pool/plugins/javax.inject_1.0.0.v20091030.jar:/home/juri/.p2/pool/plugins/org.eclipse.osgi_3.11.0.v20160603-1336.jar:/home/juri/.p2/pool/plugins/org.eclipse.osgi.compatibility.state_1.0.200.v20160504-1419.jar:/home/juri/.p2/pool/plugins/org.eclipse.wst.jsdt.nashorn.extension_1.0.0.v201605131737.jar:/home/juri/.p2/pool/plugins/org.eclipse.equinox.common_3.8.0.v20160509-1230.jar:/home/juri/.p2/pool/plugins/org.eclipse.core.jobs_3.8.0.v20160509-0411.jar:/home/juri/.p2/pool/plugins/org.eclipse.equinox.registry_3.6.100.v20160223-2218.jar:/home/juri/.p2/pool/plugins/org.eclipse.equinox.preferences_3.6.0.v20160120-1756.jar:/home/juri/.p2/pool/plugins/org.eclipse.core.contenttype_3.5.100.v20160418-1621.jar:/home/juri/.p2/pool/plugins/org.eclipse.equinox.app_1.3.400.v20150715-1528.jar:/home/juri/.p2/pool/plugins/org.eclipse.emf_2.6.0.v20160526-0356.jar:/home/juri/.p2/pool/plugins/org.eclipse.emf.ecore.xmi_2.12.0.v20160420-0247.jar:/home/juri/.p2/pool/plugins/org.eclipse.emf.ecore_2.12.0.v20160420-0247.jar:/home/juri/.p2/pool/plugins/org.eclipse.emf.common_2.12.0.v20160420-0247.jar:/home/juri/.p2/pool/plugins/org.eclipse.m2m.atl.dsls_3.6.0.v201505180909.jar:/home/juri/.p2/pool/plugins/org.antlr.runtime_3.0.0.v200803061811.jar:/home/juri/.p2/pool/plugins/org.eclipse.m2m.atl.common_3.6.0.v201505180909.jar:/home/juri/.p2/pool/plugins/org.eclipse.m2m.atl.engine_3.6.0.v201505180909.jar:/home/juri/.p2/pool/plugins/org.eclipse.m2m.atl.core.emf_3.6.0.v201505180909.jar:/home/juri/.p2/pool/plugins/org.eclipse.m2m.atl.core_3.6.0.v201505180909.jar:/home/juri/development/workspaces/FootprintUI/anatlyzer.atl.typing/bin:/home/juri/.p2/pool/plugins/org.eclipse.core.resources_3.11.0.v20160503-1608.jar:/home/juri/development/workspaces/FootprintUI/anatlyzer.use.witness/lib/dist/transml_use_complete.jar:/home/juri/development/workspaces/FootprintUI/anatlyzer.use.witness/lib
Launcher Type: SUN_STANDARD

Environment Variables:
PATH=/home/juri/bin:/home/juri/.local/bin:/usr/local/sbin:/usr/local/bin:/usr/sbin:/usr/bin:/sbin:/bin:/usr/games:/usr/local/games:/snap/bin
SHELL=/bin/bash
DISPLAY=:0

Signal Handlers:
SIGSEGV: [libjvm.so+0xac4790], sa_mask[0]=11111111011111111101111111111110, sa_flags=SA_RESTART|SA_SIGINFO
SIGBUS: [libjvm.so+0xac4790], sa_mask[0]=11111111011111111101111111111110, sa_flags=SA_RESTART|SA_SIGINFO
SIGFPE: [libjvm.so+0x91f140], sa_mask[0]=11111111011111111101111111111110, sa_flags=SA_RESTART|SA_SIGINFO
SIGPIPE: [libjvm.so+0x91f140], sa_mask[0]=11111111011111111101111111111110, sa_flags=SA_RESTART|SA_SIGINFO
SIGXFSZ: [libjvm.so+0x91f140], sa_mask[0]=11111111011111111101111111111110, sa_flags=SA_RESTART|SA_SIGINFO
SIGILL: [libjvm.so+0x91f140], sa_mask[0]=11111111011111111101111111111110, sa_flags=SA_RESTART|SA_SIGINFO
SIGUSR1: SIG_DFL, sa_mask[0]=00000000000000000000000000000000, sa_flags=none
SIGUSR2: [libjvm.so+0x920770], sa_mask[0]=00100000000000000000000000000000, sa_flags=SA_RESTART|SA_SIGINFO
SIGHUP: [libjvm.so+0x921b70], sa_mask[0]=11111111011111111101111111111110, sa_flags=SA_RESTART|SA_SIGINFO
SIGINT: [libjvm.so+0x921b70], sa_mask[0]=11111111011111111101111111111110, sa_flags=SA_RESTART|SA_SIGINFO
SIGTERM: [libjvm.so+0x921b70], sa_mask[0]=11111111011111111101111111111110, sa_flags=SA_RESTART|SA_SIGINFO
SIGQUIT: [libjvm.so+0x921b70], sa_mask[0]=11111111011111111101111111111110, sa_flags=SA_RESTART|SA_SIGINFO


---------------  S Y S T E M  ---------------

OS:DISTRIB_ID=Ubuntu
DISTRIB_RELEASE=16.04
DISTRIB_CODENAME=xenial
DISTRIB_DESCRIPTION="Ubuntu 16.04.1 LTS"

uname:Linux 4.4.0-38-generic #57-Ubuntu SMP Tue Sep 6 15:42:33 UTC 2016 x86_64
libc:glibc 2.23 NPTL 2.23 
rlimit: STACK 8192k, CORE 0k, NPROC 30176, NOFILE 65536, AS infinity
load average:0,78 0,77 0,94

/proc/meminfo:
MemTotal:        8018788 kB
MemFree:          697724 kB
MemAvailable:    1415408 kB
Buffers:           73620 kB
Cached:          1529748 kB
SwapCached:       271732 kB
Active:          5586772 kB
Inactive:        1297140 kB
Active(anon):    5140204 kB
Inactive(anon):   835996 kB
Active(file):     446568 kB
Inactive(file):   461144 kB
Unevictable:        1476 kB
Mlocked:            1476 kB
SwapTotal:       8231932 kB
SwapFree:        4518644 kB
Dirty:                60 kB
Writeback:             0 kB
AnonPages:       5163944 kB
Mapped:           713568 kB
Shmem:            695656 kB
Slab:             239860 kB
SReclaimable:      70976 kB
SUnreclaim:       168884 kB
KernelStack:       17552 kB
PageTables:        90428 kB
NFS_Unstable:          0 kB
Bounce:                0 kB
WritebackTmp:          0 kB
CommitLimit:    12241324 kB
Committed_AS:   20403640 kB
VmallocTotal:   34359738367 kB
VmallocUsed:           0 kB
VmallocChunk:          0 kB
HardwareCorrupted:     0 kB
AnonHugePages:   1990656 kB
CmaTotal:              0 kB
CmaFree:               0 kB
HugePages_Total:       0
HugePages_Free:        0
HugePages_Rsvd:        0
HugePages_Surp:        0
Hugepagesize:       2048 kB
DirectMap4k:      490748 kB
DirectMap2M:     7741440 kB
DirectMap1G:           0 kB


CPU:total 4 (2 cores per cpu, 2 threads per core) family 6 model 78 stepping 3, cmov, cx8, fxsr, mmx, sse, sse2, sse3, ssse3, sse4.1, sse4.2, popcnt, avx, avx2, aes, clmul, erms, 3dnowpref, lzcnt, ht, tsc, tscinvbit, bmi1, bmi2, adx

/proc/cpuinfo:
processor	: 0
vendor_id	: GenuineIntel
cpu family	: 6
model		: 78
model name	: Intel(R) Core(TM) i5-6200U CPU @ 2.30GHz
stepping	: 3
microcode	: 0x8a
cpu MHz		: 2372.812
cache size	: 3072 KB
physical id	: 0
siblings	: 4
core id		: 0
cpu cores	: 2
apicid		: 0
initial apicid	: 0
fpu		: yes
fpu_exception	: yes
cpuid level	: 22
wp		: yes
flags		: fpu vme de pse tsc msr pae mce cx8 apic sep mtrr pge mca cmov pat pse36 clflush dts acpi mmx fxsr sse sse2 ss ht tm pbe syscall nx pdpe1gb rdtscp lm constant_tsc art arch_perfmon pebs bts rep_good nopl xtopology nonstop_tsc aperfmperf eagerfpu pni pclmulqdq dtes64 monitor ds_cpl vmx est tm2 ssse3 sdbg fma cx16 xtpr pdcm pcid sse4_1 sse4_2 x2apic movbe popcnt tsc_deadline_timer aes xsave avx f16c rdrand lahf_lm abm 3dnowprefetch epb intel_pt tpr_shadow vnmi flexpriority ept vpid fsgsbase tsc_adjust bmi1 avx2 smep bmi2 erms invpcid mpx rdseed adx smap clflushopt xsaveopt xsavec xgetbv1 dtherm ida arat pln pts hwp hwp_notify hwp_act_window hwp_epp
bugs		:
bogomips	: 4799.93
clflush size	: 64
cache_alignment	: 64
address sizes	: 39 bits physical, 48 bits virtual
power management:

processor	: 1
vendor_id	: GenuineIntel
cpu family	: 6
model		: 78
model name	: Intel(R) Core(TM) i5-6200U CPU @ 2.30GHz
stepping	: 3
microcode	: 0x8a
cpu MHz		: 2099.718
cache size	: 3072 KB
physical id	: 0
siblings	: 4
core id		: 1
cpu cores	: 2
apicid		: 2
initial apicid	: 2
fpu		: yes
fpu_exception	: yes
cpuid level	: 22
wp		: yes
flags		: fpu vme de pse tsc msr pae mce cx8 apic sep mtrr pge mca cmov pat pse36 clflush dts acpi mmx fxsr sse sse2 ss ht tm pbe syscall nx pdpe1gb rdtscp lm constant_tsc art arch_perfmon pebs bts rep_good nopl xtopology nonstop_tsc aperfmperf eagerfpu pni pclmulqdq dtes64 monitor ds_cpl vmx est tm2 ssse3 sdbg fma cx16 xtpr pdcm pcid sse4_1 sse4_2 x2apic movbe popcnt tsc_deadline_timer aes xsave avx f16c rdrand lahf_lm abm 3dnowprefetch epb intel_pt tpr_shadow vnmi flexpriority ept vpid fsgsbase tsc_adjust bmi1 avx2 smep bmi2 erms invpcid mpx rdseed adx smap clflushopt xsaveopt xsavec xgetbv1 dtherm ida arat pln pts hwp hwp_notify hwp_act_window hwp_epp
bugs		:
bogomips	: 4799.93
clflush size	: 64
cache_alignment	: 64
address sizes	: 39 bits physical, 48 bits virtual
power management:

processor	: 2
vendor_id	: GenuineIntel
cpu family	: 6
model		: 78
model name	: Intel(R) Core(TM) i5-6200U CPU @ 2.30GHz
stepping	: 3
microcode	: 0x8a
cpu MHz		: 2193.093
cache size	: 3072 KB
physical id	: 0
siblings	: 4
core id		: 0
cpu cores	: 2
apicid		: 1
initial apicid	: 1
fpu		: yes
fpu_exception	: yes
cpuid level	: 22
wp		: yes
flags		: fpu vme de pse tsc msr pae mce cx8 apic sep mtrr pge mca cmov pat pse36 clflush dts acpi mmx fxsr sse sse2 ss ht tm pbe syscall nx pdpe1gb rdtscp lm constant_tsc art arch_perfmon pebs bts rep_good nopl xtopology nonstop_tsc aperfmperf eagerfpu pni pclmulqdq dtes64 monitor ds_cpl vmx est tm2 ssse3 sdbg fma cx16 xtpr pdcm pcid sse4_1 sse4_2 x2apic movbe popcnt tsc_deadline_timer aes xsave avx f16c rdrand lahf_lm abm 3dnowprefetch epb intel_pt tpr_shadow vnmi flexpriority ept vpid fsgsbase tsc_adjust bmi1 avx2 smep bmi2 erms invpcid mpx rdseed adx smap clflushopt xsaveopt xsavec xgetbv1 dtherm ida arat pln pts hwp hwp_notify hwp_act_window hwp_epp
bugs		:
bogomips	: 4799.93
clflush size	: 64
cache_alignment	: 64
address sizes	: 39 bits physical, 48 bits virtual
power management:

processor	: 3
vendor_id	: GenuineIntel
cpu family	: 6
model		: 78
model name	: Intel(R) Core(TM) i5-6200U CPU @ 2.30GHz
stepping	: 3
microcode	: 0x8a
cpu MHz		: 2480.062
cache size	: 3072 KB
physical id	: 0
siblings	: 4
core id		: 1
cpu cores	: 2
apicid		: 3
initial apicid	: 3
fpu		: yes
fpu_exception	: yes
cpuid level	: 22
wp		: yes
flags		: fpu vme de pse tsc msr pae mce cx8 apic sep mtrr pge mca cmov pat pse36 clflush dts acpi mmx fxsr sse sse2 ss ht tm pbe syscall nx pdpe1gb rdtscp lm constant_tsc art arch_perfmon pebs bts rep_good nopl xtopology nonstop_tsc aperfmperf eagerfpu pni pclmulqdq dtes64 monitor ds_cpl vmx est tm2 ssse3 sdbg fma cx16 xtpr pdcm pcid sse4_1 sse4_2 x2apic movbe popcnt tsc_deadline_timer aes xsave avx f16c rdrand lahf_lm abm 3dnowprefetch epb intel_pt tpr_shadow vnmi flexpriority ept vpid fsgsbase tsc_adjust bmi1 avx2 smep bmi2 erms invpcid mpx rdseed adx smap clflushopt xsaveopt xsavec xgetbv1 dtherm ida arat pln pts hwp hwp_notify hwp_act_window hwp_epp
bugs		:
bogomips	: 4799.93
clflush size	: 64
cache_alignment	: 64
address sizes	: 39 bits physical, 48 bits virtual
power management:



Memory: 4k page, physical 8018788k(697724k free), swap 8231932k(4518644k free)

vm_info: Java HotSpot(TM) 64-Bit Server VM (25.101-b13) for linux-amd64 JRE (1.8.0_101-b13), built on Jun 22 2016 02:59:44 by "java_re" with gcc 4.3.0 20080428 (Red Hat 4.3.0-8)

time: Fri Oct 14 19:26:49 2016
elapsed time: 581 seconds (0d 0h 9m 41s)

