#
# A fatal error has been detected by the Java Runtime Environment:
#
#  SIGSEGV (0xb) at pc=0x00007fd9554dcc43, pid=19713, tid=0x00007fd938c47700
#
# JRE version: Java(TM) SE Runtime Environment (8.0_101-b13) (build 1.8.0_101-b13)
# Java VM: Java HotSpot(TM) 64-Bit Server VM (25.101-b13 mixed mode linux-amd64 compressed oops)
# Problematic frame:
# V  [libjvm.so+0x78bc43]  JvmtiEnv::GetClassMethods(oopDesc*, int*, _jmethodID***)+0x2f3
#
# Failed to write core dump. Core dumps have been disabled. To enable core dumping, try "ulimit -c unlimited" before starting Java again
#
# If you would like to submit a bug report, please visit:
#   http://bugreport.java.com/bugreport/crash.jsp
#

---------------  T H R E A D  ---------------

Current thread (0x00007fd9500c7000):  JavaThread "JDWP Transport Listener: dt_socket" daemon [_thread_in_vm, id=19730, stack(0x00007fd938b47000,0x00007fd938c48000)]

siginfo: si_signo: 11 (SIGSEGV), si_code: 1 (SEGV_MAPERR), si_addr: 0x00007fdbc653fad0

Registers:
RAX=0x0000000055ca5ef0, RBX=0x00007fd9500bfdb0, RCX=0x00007fd950009580, RDX=0x00007fd918010350
RSP=0x00007fd938c46920, RBP=0x00007fd938c46a10, RSI=0x0000000000000001, RDI=0x0000000000000001
R8 =0x00007fd9500bfdb0, R9 =0x0000000000000000, R10=0x0000000000000001, R11=0x00007fd918007048
R12=0x00007fd950004ea0, R13=0x00007fd8f3d379e0, R14=0x00000001001ea928, R15=0x00007fd938c46ae0
RIP=0x00007fd9554dcc43, EFLAGS=0x0000000000010246, CSGSFS=0x0000000000000033, ERR=0x0000000000000006
  TRAPNO=0x000000000000000e

Top of Stack: (sp=0x00007fd938c46920)
0x00007fd938c46920:   00007fd9500bb060 00007fd938c469d0
0x00007fd938c46930:   00007fd9503bc3d0 00007fd938c46980
0x00007fd938c46940:   00007fd938c46ad0 000000345543815a
0x00007fd938c46950:   00007fd918010350 55ca5ef000000033
0x00007fd938c46960:   00007fd9500c7000 00007fd9500bb060
0x00007fd938c46970:   00007fd9500c71f8 00007fd954404e40
0x00007fd938c46980:   00007fd9500c7000 00007fd9500bfd70
0x00007fd938c46990:   00007fd9500c7f30 00007fd9500c7f40
0x00007fd938c469a0:   00007fd9500c8018 00000000000000d8
0x00007fd938c469b0:   00007fd938c46dd0 00007fd95541e2cc
0x00007fd938c469c0:   00007fd9503bc3d0 00007fd954404e40
0x00007fd938c469d0:   00007fd8f3d379e0 00007fd9500c7000
0x00007fd938c469e0:   00007fd938c46a30 00000000d7f93088
0x00007fd938c469f0:   00007fd950004ea0 0000000000000074
0x00007fd938c46a00:   00007fd9500c7000 00007fd938c46ad0
0x00007fd938c46a10:   00007fd938c46a80 00007fd95548eea0
0x00007fd938c46a20:   00007fd938c46a30 00007fd938c46ae0
0x00007fd938c46a30:   00007fd9500c7000 0000000000000000
0x00007fd938c46a40:   00007fd900000000 0000000000000000
0x00007fd938c46a50:   00000000000f0200 00007fd954404e40
0x00007fd938c46a60:   00007fd938c46b50 00007fd9503bc3d0
0x00007fd938c46a70:   00000000000f0200 000000000000000f
0x00007fd938c46a80:   00007fd938c46b10 00007fd9541d196e
0x00007fd938c46a90:   0000000000000073 00007fd9554d2909
0x00007fd938c46aa0:   00007fd938c46ae0 00007fd955490c13
0x00007fd938c46ab0:   0000000118006a80 00007fd91800fe10
0x00007fd938c46ac0:   00007fd938c46af0 00007fd9541d7ba0
0x00007fd938c46ad0:   0000000000000000 00007fd938c46b50
0x00007fd938c46ae0:   0000000000000000 0000000000000002
0x00007fd938c46af0:   000000000000000f 0000000000000002
0x00007fd938c46b00:   00000000000f0200 000000000000000f
0x00007fd938c46b10:   00007fd938c46d60 00007fd9541dc9c6 

Instructions: (pc=0x00007fd9554dcc43)
0x00007fd9554dcc23:   41 8b 00 48 83 c6 08 39 c7 7c e2 44 8d 48 ff 45
0x00007fd9554dcc33:   89 08 48 63 85 4c ff ff ff 48 8b 95 40 ff ff ff
0x00007fd9554dcc43:   4c 89 1c c2 83 85 48 ff ff ff 01 8b 85 3c ff ff
0x00007fd9554dcc53:   ff 39 85 48 ff ff ff 0f 8c e1 fd ff ff 8b 85 3c 

Register to memory mapping:

RAX=0x0000000055ca5ef0 is an unknown value
RBX=0x00007fd9500bfdb0 is an unknown value
RCX=0x00007fd950009580 is an unknown value
RDX=0x00007fd918010350 is an unknown value
RSP=0x00007fd938c46920 is pointing into the stack for thread: 0x00007fd9500c7000
RBP=0x00007fd938c46a10 is pointing into the stack for thread: 0x00007fd9500c7000
RSI=0x0000000000000001 is an unknown value
RDI=0x0000000000000001 is an unknown value
R8 =0x00007fd9500bfdb0 is an unknown value
R9 =0x0000000000000000 is an unknown value
R10=0x0000000000000001 is an unknown value
R11=0x00007fd918007048 is an unknown value
R12=0x00007fd950004ea0 is an unknown value
R13={method} {0x00007fd8f3d379e0} '<init>' '()V' in 'org/miso_disim/requirementmetamodel/reduce/InputMetamodelVisitor'
R14=0x00000001001ea928 is pointing into metadata
R15=0x00007fd938c46ae0 is pointing into the stack for thread: 0x00007fd9500c7000


Stack: [0x00007fd938b47000,0x00007fd938c48000],  sp=0x00007fd938c46920,  free space=1022k
Native frames: (J=compiled Java code, j=interpreted, Vv=VM code, C=native code)
V  [libjvm.so+0x78bc43]  JvmtiEnv::GetClassMethods(oopDesc*, int*, _jmethodID***)+0x2f3
V  [libjvm.so+0x73dea0]  jvmti_GetClassMethods+0x290
C  [libjdwp.so+0x696e]  methods1+0x7e
C  [libjdwp.so+0x119c6]  debugLoop_run+0x2b6
C  [libjdwp.so+0x247ff]  attachThread+0x2f
V  [libjvm.so+0x7a63e2]  JvmtiAgentThread::call_start_function()+0xc2
V  [libjvm.so+0xa7343f]  JavaThread::thread_main_inner()+0xdf
V  [libjvm.so+0xa7356c]  JavaThread::run()+0x11c
V  [libjvm.so+0x924698]  java_start(Thread*)+0x108
C  [libpthread.so.0+0x76fa]  start_thread+0xca


---------------  P R O C E S S  ---------------

Java Threads: ( => current thread )
  0x00007fd950395800 JavaThread "EMF Reference Cleaner" daemon [_thread_blocked, id=19742, stack(0x00007fd938182000,0x00007fd938283000)]
  0x00007fd9500e7000 JavaThread "Service Thread" daemon [_thread_blocked, id=19739, stack(0x00007fd938541000,0x00007fd938642000)]
  0x00007fd9500d1800 JavaThread "C1 CompilerThread2" daemon [_thread_blocked, id=19738, stack(0x00007fd938642000,0x00007fd938743000)]
  0x00007fd9500d0000 JavaThread "C2 CompilerThread1" daemon [_thread_blocked, id=19737, stack(0x00007fd938743000,0x00007fd938844000)]
  0x00007fd9500cd000 JavaThread "C2 CompilerThread0" daemon [_thread_blocked, id=19736, stack(0x00007fd938844000,0x00007fd938945000)]
  0x00007fd918001000 JavaThread "JDWP Command Reader" daemon [_thread_in_native, id=19733, stack(0x00007fd938945000,0x00007fd938a46000)]
  0x00007fd9500ca800 JavaThread "JDWP Event Helper Thread" daemon [_thread_blocked, id=19732, stack(0x00007fd938a46000,0x00007fd938b47000)]
=>0x00007fd9500c7000 JavaThread "JDWP Transport Listener: dt_socket" daemon [_thread_in_vm, id=19730, stack(0x00007fd938b47000,0x00007fd938c48000)]
  0x00007fd9500ba000 JavaThread "Signal Dispatcher" daemon [_thread_blocked, id=19727, stack(0x00007fd938e4c000,0x00007fd938f4d000)]
  0x00007fd950087800 JavaThread "Finalizer" daemon [_thread_blocked, id=19726, stack(0x00007fd938f4d000,0x00007fd93904e000)]
  0x00007fd950083000 JavaThread "Reference Handler" daemon [_thread_blocked, id=19725, stack(0x00007fd93904e000,0x00007fd93914f000)]
  0x00007fd95000d800 JavaThread "main" [_thread_blocked, id=19719, stack(0x00007fd95683a000,0x00007fd95693b000)]

Other Threads:
  0x00007fd95007b800 VMThread [stack: 0x00007fd93914f000,0x00007fd939250000] [id=19724]
  0x00007fd9500fa800 WatcherThread [stack: 0x00007fd938440000,0x00007fd938541000] [id=19740]

VM state:not at safepoint (normal execution)

VM Mutex/Monitor currently owned by a thread: None

Heap:
 PSYoungGen      total 36864K, used 20084K [0x00000000d7380000, 0x00000000dbb80000, 0x0000000100000000)
  eden space 31744K, 47% used [0x00000000d7380000,0x00000000d82210a0,0x00000000d9280000)
  from space 5120K, 99% used [0x00000000d9780000,0x00000000d9c7c010,0x00000000d9c80000)
  to   space 5120K, 0% used [0x00000000d9280000,0x00000000d9280000,0x00000000d9780000)
 ParOldGen       total 84992K, used 4166K [0x0000000085a00000, 0x000000008ad00000, 0x00000000d7380000)
  object space 84992K, 4% used [0x0000000085a00000,0x0000000085e11b70,0x000000008ad00000)
 Metaspace       used 16601K, capacity 16840K, committed 17152K, reserved 1064960K
  class space    used 2122K, capacity 2195K, committed 2304K, reserved 1048576K

Card table byte_map: [0x00007fd93f24f000,0x00007fd93f623000] byte_map_base: 0x00007fd93ee22000

Marking Bits: (ParMarkBitMap*) 0x00007fd955d12120
 Begin Bits: [0x00007fd93af8f000, 0x00007fd93ce27000)
 End Bits:   [0x00007fd93ce27000, 0x00007fd93ecbf000)

Polling page: 0x00007fd956961000

CodeCache: size=245760Kb used=6950Kb max_used=6963Kb free=238809Kb
 bounds [0x00007fd93f9e3000, 0x00007fd9400b3000, 0x00007fd94e9e3000]
 total_blobs=2264 nmethods=1907 adapters=277
 compilation: enabled

Compilation events (10 events):
Event: 2,922 Thread 0x00007fd9500d1800 1916       3       java.lang.invoke.MethodType::equals (31 bytes)
Event: 2,922 Thread 0x00007fd9500d1800 nmethod 1916 0x00007fd9400abfd0 code [0x00007fd9400ac140, 0x00007fd9400ac388]
Event: 2,922 Thread 0x00007fd9500d1800 1917       3       java.lang.invoke.MethodType$ConcurrentWeakInternSet$WeakEntry::equals (49 bytes)
Event: 2,922 Thread 0x00007fd9500d1800 nmethod 1917 0x00007fd9400ac450 code [0x00007fd9400ac5e0, 0x00007fd9400acc48]
Event: 2,922 Thread 0x00007fd9500d1800 1911       3       java.lang.invoke.MemberName::initResolved (53 bytes)
Event: 2,922 Thread 0x00007fd9500d1800 nmethod 1911 0x00007fd9400acd90 code [0x00007fd9400acf00, 0x00007fd9400ad0d0]
Event: 2,928 Thread 0x00007fd9500d0000 1918       4       java.lang.String::replace (127 bytes)
Event: 2,930 Thread 0x00007fd9500d1800 1919       3       java.lang.invoke.MethodType::toMethodDescriptorString (21 bytes)
Event: 2,932 Thread 0x00007fd9500d1800 nmethod 1919 0x00007fd9400ad150 code [0x00007fd9400ad360, 0x00007fd9400ade78]
Event: 2,945 Thread 0x00007fd9500d0000 nmethod 1918 0x00007fd9400b17d0 code [0x00007fd9400b1940, 0x00007fd9400b1e78]

GC Heap History (4 events):
Event: 1,404 GC heap before
{Heap before GC invocations=1 (full 0):
 PSYoungGen      total 36864K, used 31744K [0x00000000d7380000, 0x00000000d9c80000, 0x0000000100000000)
  eden space 31744K, 100% used [0x00000000d7380000,0x00000000d9280000,0x00000000d9280000)
  from space 5120K, 0% used [0x00000000d9780000,0x00000000d9780000,0x00000000d9c80000)
  to   space 5120K, 0% used [0x00000000d9280000,0x00000000d9280000,0x00000000d9780000)
 ParOldGen       total 84992K, used 0K [0x0000000085a00000, 0x000000008ad00000, 0x00000000d7380000)
  object space 84992K, 0% used [0x0000000085a00000,0x0000000085a00000,0x000000008ad00000)
 Metaspace       used 9712K, capacity 9756K, committed 9856K, reserved 1058816K
  class space    used 1113K, capacity 1140K, committed 1152K, reserved 1048576K
Event: 1,412 GC heap after
Heap after GC invocations=1 (full 0):
 PSYoungGen      total 36864K, used 5113K [0x00000000d7380000, 0x00000000d9c80000, 0x0000000100000000)
  eden space 31744K, 0% used [0x00000000d7380000,0x00000000d7380000,0x00000000d9280000)
  from space 5120K, 99% used [0x00000000d9280000,0x00000000d977e598,0x00000000d9780000)
  to   space 5120K, 0% used [0x00000000d9780000,0x00000000d9780000,0x00000000d9c80000)
 ParOldGen       total 84992K, used 1738K [0x0000000085a00000, 0x000000008ad00000, 0x00000000d7380000)
  object space 84992K, 2% used [0x0000000085a00000,0x0000000085bb2838,0x000000008ad00000)
 Metaspace       used 9712K, capacity 9756K, committed 9856K, reserved 1058816K
  class space    used 1113K, capacity 1140K, committed 1152K, reserved 1048576K
}
Event: 2,414 GC heap before
{Heap before GC invocations=2 (full 0):
 PSYoungGen      total 36864K, used 36857K [0x00000000d7380000, 0x00000000d9c80000, 0x0000000100000000)
  eden space 31744K, 100% used [0x00000000d7380000,0x00000000d9280000,0x00000000d9280000)
  from space 5120K, 99% used [0x00000000d9280000,0x00000000d977e598,0x00000000d9780000)
  to   space 5120K, 0% used [0x00000000d9780000,0x00000000d9780000,0x00000000d9c80000)
 ParOldGen       total 84992K, used 1738K [0x0000000085a00000, 0x000000008ad00000, 0x00000000d7380000)
  object space 84992K, 2% used [0x0000000085a00000,0x0000000085bb2838,0x000000008ad00000)
 Metaspace       used 13665K, capacity 13822K, committed 14080K, reserved 1060864K
  class space    used 1665K, capacity 1720K, committed 1792K, reserved 1048576K
Event: 2,448 GC heap after
Heap after GC invocations=2 (full 0):
 PSYoungGen      total 36864K, used 5104K [0x00000000d7380000, 0x00000000dbb80000, 0x0000000100000000)
  eden space 31744K, 0% used [0x00000000d7380000,0x00000000d7380000,0x00000000d9280000)
  from space 5120K, 99% used [0x00000000d9780000,0x00000000d9c7c010,0x00000000d9c80000)
  to   space 5120K, 0% used [0x00000000d9280000,0x00000000d9280000,0x00000000d9780000)
 ParOldGen       total 84992K, used 4166K [0x0000000085a00000, 0x000000008ad00000, 0x00000000d7380000)
  object space 84992K, 4% used [0x0000000085a00000,0x0000000085e11b70,0x000000008ad00000)
 Metaspace       used 13665K, capacity 13822K, committed 14080K, reserved 1060864K
  class space    used 1665K, capacity 1720K, committed 1792K, reserved 1048576K
}

Deoptimization events (10 events):
Event: 1,866 Thread 0x00007fd95000d800 Uncommon trap: reason=class_check action=maybe_recompile pc=0x00007fd93fe3a240 method=org.eclipse.emf.ecore.util.EContentsEList$FeatureIteratorImpl.hasNext()Z @ 607
Event: 2,314 Thread 0x00007fd95000d800 Uncommon trap: reason=unstable_if action=reinterpret pc=0x00007fd93fdbfbe0 method=org.eclipse.emf.ecore.impl.ETypedElementImpl.getEType()Lorg/eclipse/emf/ecore/EClassifier; @ 11
Event: 2,553 Thread 0x00007fd95000d800 Uncommon trap: reason=unstable_if action=reinterpret pc=0x00007fd93fbdae28 method=java.lang.ref.SoftReference.get()Ljava/lang/Object; @ 17
Event: 2,600 Thread 0x00007fd95000d800 Uncommon trap: reason=unstable_if action=reinterpret pc=0x00007fd93ffadd44 method=org.eclipse.emf.common.util.BasicEList.contains(Ljava/lang/Object;)Z @ 4
Event: 2,659 Thread 0x00007fd95000d800 Uncommon trap: reason=null_check action=make_not_entrant pc=0x00007fd93ffcbbe4 method=org.eclipse.emf.common.util.BasicEList.assign(ILjava/lang/Object;)Ljava/lang/Object; @ 6
Event: 2,676 Thread 0x00007fd95000d800 Uncommon trap: reason=bimorphic action=maybe_recompile pc=0x00007fd93fd78e1c method=org.eclipse.emf.ecore.impl.BasicEObjectImpl.eInternalResource()Lorg/eclipse/emf/ecore/resource/Resource$Internal; @ 56
Event: 2,731 Thread 0x00007fd95000d800 Uncommon trap: reason=unstable_if action=reinterpret pc=0x00007fd93fc87578 method=java.lang.String.replace(CC)Ljava/lang/String; @ 26
Event: 2,732 Thread 0x00007fd95000d800 Uncommon trap: reason=class_check action=maybe_recompile pc=0x00007fd93fff0e44 method=java.util.LinkedHashMap.afterNodeInsertion(Z)V @ 15
Event: 2,822 Thread 0x00007fd95000d800 Uncommon trap: reason=unstable_if action=reinterpret pc=0x00007fd9400016c4 method=java.lang.String.substring(I)Ljava/lang/String; @ 35
Event: 2,884 Thread 0x00007fd95000d800 Uncommon trap: reason=unstable_if action=reinterpret pc=0x00007fd93fc15cdc method=java.util.Arrays.equals([B[B)Z @ 2

Internal exceptions (10 events):
Event: 0,033 Thread 0x00007fd95000d800 Exception <a 'java/lang/NoSuchMethodError': Method sun.misc.Unsafe.prefetchRead(Ljava/lang/Object;J)V name or signature does not match> (0x00000000d7387fa8) thrown at [/HUDSON3/workspace/8-2-build-linux-amd64/jdk8u101/7261/hotspot/src/share/vm/prims/jni.c
Event: 0,596 Thread 0x00007fd95000d800 Exception <a 'java/security/PrivilegedActionException'> (0x00000000d80c4f68) thrown at [/HUDSON3/workspace/8-2-build-linux-amd64/jdk8u101/7261/hotspot/src/share/vm/prims/jvm.cpp, line 1386]
Event: 0,596 Thread 0x00007fd95000d800 Exception <a 'java/security/PrivilegedActionException'> (0x00000000d80c5178) thrown at [/HUDSON3/workspace/8-2-build-linux-amd64/jdk8u101/7261/hotspot/src/share/vm/prims/jvm.cpp, line 1386]
Event: 0,598 Thread 0x00007fd95000d800 Exception <a 'java/security/PrivilegedActionException'> (0x00000000d80c75b8) thrown at [/HUDSON3/workspace/8-2-build-linux-amd64/jdk8u101/7261/hotspot/src/share/vm/prims/jvm.cpp, line 1386]
Event: 0,598 Thread 0x00007fd95000d800 Exception <a 'java/security/PrivilegedActionException'> (0x00000000d80c77c8) thrown at [/HUDSON3/workspace/8-2-build-linux-amd64/jdk8u101/7261/hotspot/src/share/vm/prims/jvm.cpp, line 1386]
Event: 1,426 Thread 0x00007fd95000d800 Implicit null exception at 0x00007fd93fc4fd34 to 0x00007fd93fc4ffd9
Event: 1,691 Thread 0x00007fd95000d800 Implicit null exception at 0x00007fd93fe9ab18 to 0x00007fd93fe9b03d
Event: 2,659 Thread 0x00007fd95000d800 Implicit null exception at 0x00007fd93ffcba54 to 0x00007fd93ffcbbd5
Event: 2,868 Thread 0x00007fd95000d800 Exception <a 'java/lang/NoSuchFieldError': method resolution failed> (0x00000000d808b210) thrown at [/HUDSON3/workspace/8-2-build-linux-amd64/jdk8u101/7261/hotspot/src/share/vm/prims/methodHandles.cpp, line 1146]
Event: 2,872 Thread 0x00007fd95000d800 Exception <a 'java/lang/NoSuchFieldError': method resolution failed> (0x00000000d80988e0) thrown at [/HUDSON3/workspace/8-2-build-linux-amd64/jdk8u101/7261/hotspot/src/share/vm/prims/methodHandles.cpp, line 1146]

Events (10 events):
Event: 922,767 Thread 0x00007fd95000d800 DEOPT PACKING pc=0x00007fd94006114c sp=0x00007fd956939510
Event: 922,767 Thread 0x00007fd95000d800 DEOPT UNPACKING pc=0x00007fd93fa2a633 sp=0x00007fd956939280 mode 0
Event: 922,768 Executing VM operation: DeoptimizeFrame
Event: 922,768 Executing VM operation: DeoptimizeFrame done
Event: 922,768 Thread 0x00007fd95000d800 DEOPT PACKING pc=0x00007fd94005e3bc sp=0x00007fd9569396d0
Event: 922,768 Thread 0x00007fd95000d800 DEOPT UNPACKING pc=0x00007fd93fa2a633 sp=0x00007fd956939440 mode 0
Event: 922,768 Executing VM operation: ChangeSingleStep
Event: 922,768 Executing VM operation: ChangeSingleStep done
Event: 922,784 Executing VM operation: RedefineClasses
Event: 922,798 Executing VM operation: RedefineClasses done


Dynamic libraries:
00400000-00401000 r-xp 00000000 103:02 7604569                           /usr/lib/jvm/java-8-oracle/bin/java
00600000-00601000 rw-p 00000000 103:02 7604569                           /usr/lib/jvm/java-8-oracle/bin/java
012e3000-01304000 rw-p 00000000 00:00 0                                  [heap]
85a00000-8ad00000 rw-p 00000000 00:00 0 
8ad00000-d7380000 ---p 00000000 00:00 0 
d7380000-dbb80000 rw-p 00000000 00:00 0 
dbb80000-100000000 ---p 00000000 00:00 0 
100000000-100240000 rw-p 00000000 00:00 0 
100240000-140000000 ---p 00000000 00:00 0 
7fd8f37e1000-7fd8f3861000 rw-p 00000000 00:00 0 
7fd8f3861000-7fd8f39e1000 ---p 00000000 00:00 0 
7fd8f39e1000-7fd8f3be1000 rw-p 00000000 00:00 0 
7fd8f3c00000-7fd8f3e00000 rw-p 00000000 00:00 0 
7fd8f3e00000-7fd8f4000000 rw-p 00000000 00:00 0 
7fd8f4000000-7fd8f4021000 rw-p 00000000 00:00 0 
7fd8f4021000-7fd8f8000000 ---p 00000000 00:00 0 
7fd8f8000000-7fd8f8021000 rw-p 00000000 00:00 0 
7fd8f8021000-7fd8fc000000 ---p 00000000 00:00 0 
7fd8fc000000-7fd8fd01a000 rw-p 00000000 00:00 0 
7fd8fd01a000-7fd900000000 ---p 00000000 00:00 0 
7fd900000000-7fd900021000 rw-p 00000000 00:00 0 
7fd900021000-7fd904000000 ---p 00000000 00:00 0 
7fd904000000-7fd90503e000 rw-p 00000000 00:00 0 
7fd90503e000-7fd908000000 ---p 00000000 00:00 0 
7fd908000000-7fd9091a7000 rw-p 00000000 00:00 0 
7fd9091a7000-7fd90c000000 ---p 00000000 00:00 0 
7fd90c000000-7fd90c021000 rw-p 00000000 00:00 0 
7fd90c021000-7fd910000000 ---p 00000000 00:00 0 
7fd910000000-7fd910021000 rw-p 00000000 00:00 0 
7fd910021000-7fd914000000 ---p 00000000 00:00 0 
7fd914000000-7fd914021000 rw-p 00000000 00:00 0 
7fd914021000-7fd918000000 ---p 00000000 00:00 0 
7fd918000000-7fd9182b6000 rw-p 00000000 00:00 0 
7fd9182b6000-7fd91c000000 ---p 00000000 00:00 0 
7fd91c000000-7fd91c021000 rw-p 00000000 00:00 0 
7fd91c021000-7fd920000000 ---p 00000000 00:00 0 
7fd920000000-7fd920021000 rw-p 00000000 00:00 0 
7fd920021000-7fd924000000 ---p 00000000 00:00 0 
7fd924000000-7fd924021000 rw-p 00000000 00:00 0 
7fd924021000-7fd928000000 ---p 00000000 00:00 0 
7fd928000000-7fd928021000 rw-p 00000000 00:00 0 
7fd928021000-7fd92c000000 ---p 00000000 00:00 0 
7fd92c000000-7fd92c021000 rw-p 00000000 00:00 0 
7fd92c021000-7fd930000000 ---p 00000000 00:00 0 
7fd930000000-7fd930021000 rw-p 00000000 00:00 0 
7fd930021000-7fd934000000 ---p 00000000 00:00 0 
7fd934000000-7fd934021000 rw-p 00000000 00:00 0 
7fd934021000-7fd938000000 ---p 00000000 00:00 0 
7fd938182000-7fd938185000 ---p 00000000 00:00 0 
7fd938185000-7fd938283000 rw-p 00000000 00:00 0 
7fd938283000-7fd938286000 r--s 0001a000 103:02 7605294                   /usr/lib/jvm/java-8-oracle/jre/lib/jce.jar
7fd938286000-7fd93828a000 r--s 00097000 103:02 7605076                   /usr/lib/jvm/java-8-oracle/jre/lib/jsse.jar
7fd93828a000-7fd93828b000 r--s 0001a000 103:02 7742022                   /home/juri/.p2/pool/plugins/org.eclipse.m2m.atl.emftvm.compiler_3.8.0.v201608191430.jar
7fd93828b000-7fd93828d000 r--s 0000e000 103:02 7742032                   /home/juri/.p2/pool/plugins/org.eclipse.m2m.atl.emftvm.trace_3.8.0.v201608191430.jar
7fd93828d000-7fd93829b000 r--s 000b5000 103:02 7742021                   /home/juri/.p2/pool/plugins/org.eclipse.m2m.atl.emftvm_3.8.0.v201608191430.jar
7fd93829b000-7fd9382a1000 r--s 00055000 103:02 7741527                   /home/juri/.p2/pool/plugins/org.eclipse.ocl.ecore_3.6.0.v20160523-1914.jar
7fd9382a1000-7fd9382a3000 r--s 00007000 103:02 7741521                   /home/juri/.p2/pool/plugins/org.eclipse.ocl.common_1.4.0.v20160521-2033.jar
7fd9382a3000-7fd9382a6000 r--s 00019000 103:02 7741515                   /home/juri/.p2/pool/plugins/lpg.runtime.java_2.0.17.v201004271640.jar
7fd9382a6000-7fd9382b5000 r--s 0010b000 103:02 7741520                   /home/juri/.p2/pool/plugins/org.eclipse.ocl_3.6.0.v20160523-1914.jar
7fd9382b5000-7fd9382b6000 r--s 00002000 103:02 7740050                   /home/juri/.p2/pool/plugins/org.eclipse.e4.ui.workbench3_0.13.100.v20160506-0759.jar
7fd9382b6000-7fd9382f8000 r--s 00398000 103:02 7740904                   /home/juri/.p2/pool/plugins/org.eclipse.ui.workbench_3.108.0.v20160602-1232.jar
7fd9382f8000-7fd9382fc000 r--s 00019000 103:02 7741155                   /home/juri/.p2/pool/plugins/org.eclipse.core.commands_3.8.0.v20160316-1921.jar
7fd9382fc000-7fd93830e000 r--s 000f8000 103:02 7740981                   /home/juri/.p2/pool/plugins/org.eclipse.jface_3.12.0.v20160518-1929.jar
7fd93830e000-7fd938323000 r--s 0028f000 103:02 7740872                   /home/juri/.p2/pool/plugins/org.eclipse.swt.gtk.linux.x86_64_3.105.0.v20160603-0902.jar
7fd938323000-7fd938324000 r--s 00004000 103:02 7740605                   /home/juri/.p2/pool/plugins/org.eclipse.swt_3.105.0.v20160603-0902.jar
7fd938324000-7fd93832d000 r--s 00058000 103:02 7741023                   /home/juri/.p2/pool/plugins/org.eclipse.ui_3.108.0.v20160518-1929.jar
7fd93832d000-7fd938362000 r--s 00210000 103:02 9045579                   /home/juri/development/workspaces/FootprintUI/anatlyzer.use.witness/lib/plantuml.jar
7fd938362000-7fd938402000 r--s 00887000 103:02 9045581                   /home/juri/development/workspaces/FootprintUI/anatlyzer.use.witness/lib/dist/transml_use_complete.jar
7fd938402000-7fd93840d000 r--s 000cd000 103:02 7740911                   /home/juri/.p2/pool/plugins/org.eclipse.core.resources_3.11.0.v20160503-1608.jar
7fd93840d000-7fd93840f000 r--s 00005000 103:02 7741959                   /home/juri/.p2/pool/plugins/org.eclipse.m2m.atl.core_3.6.0.v201505180909.jar
7fd93840f000-7fd938411000 r--s 00005000 103:02 7741962                   /home/juri/.p2/pool/plugins/org.eclipse.m2m.atl.core.emf_3.6.0.v201505180909.jar
7fd938411000-7fd938414000 r--s 0005e000 103:02 7741978                   /home/juri/.p2/pool/plugins/org.eclipse.m2m.atl.engine_3.6.0.v201505180909.jar
7fd938414000-7fd938416000 r--s 00005000 103:02 7741957                   /home/juri/.p2/pool/plugins/org.eclipse.m2m.atl.common_3.6.0.v201505180909.jar
7fd938416000-7fd938419000 r--s 00019000 103:02 7741434                   /home/juri/.p2/pool/plugins/org.antlr.runtime_3.0.0.v200803061811.jar
7fd938419000-7fd93841c000 r--s 0004c000 103:02 7741976                   /home/juri/.p2/pool/plugins/org.eclipse.m2m.atl.dsls_3.6.0.v201505180909.jar
7fd93841c000-7fd938423000 r--s 00051000 103:02 7740979                   /home/juri/.p2/pool/plugins/org.eclipse.emf.common_2.12.0.v20160420-0247.jar
7fd938423000-7fd938435000 r--s 00111000 103:02 7740894                   /home/juri/.p2/pool/plugins/org.eclipse.emf.ecore_2.12.0.v20160420-0247.jar
7fd938435000-7fd938439000 r--s 00035000 103:02 7741234                   /home/juri/.p2/pool/plugins/org.eclipse.emf.ecore.xmi_2.12.0.v20160420-0247.jar
7fd938439000-7fd93843b000 r--s 00014000 103:02 7741218                   /home/juri/.p2/pool/plugins/org.eclipse.equinox.app_1.3.400.v20150715-1528.jar
7fd93843b000-7fd93843d000 r--s 00017000 103:02 7740830                   /home/juri/.p2/pool/plugins/org.eclipse.core.contenttype_3.5.100.v20160418-1621.jar
7fd93843d000-7fd938440000 r--s 0001e000 103:02 7741340                   /home/juri/.p2/pool/plugins/org.eclipse.equinox.preferences_3.6.0.v20160120-1756.jar
7fd938440000-7fd938441000 ---p 00000000 00:00 0 
7fd938441000-7fd938541000 rw-p 00000000 00:00 0 
7fd938541000-7fd938544000 ---p 00000000 00:00 0 
7fd938544000-7fd938642000 rw-p 00000000 00:00 0 
7fd938642000-7fd938645000 ---p 00000000 00:00 0 
7fd938645000-7fd938743000 rw-p 00000000 00:00 0 
7fd938743000-7fd938746000 ---p 00000000 00:00 0 
7fd938746000-7fd938844000 rw-p 00000000 00:00 0 
7fd938844000-7fd938847000 ---p 00000000 00:00 0 
7fd938847000-7fd938945000 rw-p 00000000 00:00 0 
7fd938945000-7fd938948000 ---p 00000000 00:00 0 
7fd938948000-7fd938a46000 rw-p 00000000 00:00 0 
7fd938a46000-7fd938a49000 ---p 00000000 00:00 0 
7fd938a49000-7fd938b47000 rw-p 00000000 00:00 0 
7fd938b47000-7fd938b4a000 ---p 00000000 00:00 0 
7fd938b4a000-7fd938c48000 rw-p 00000000 00:00 0 
7fd938c48000-7fd938c4c000 r-xp 00000000 103:02 7605171                   /usr/lib/jvm/java-8-oracle/jre/lib/amd64/libdt_socket.so
7fd938c4c000-7fd938e4b000 ---p 00004000 103:02 7605171                   /usr/lib/jvm/java-8-oracle/jre/lib/amd64/libdt_socket.so
7fd938e4b000-7fd938e4c000 rw-p 00003000 103:02 7605171                   /usr/lib/jvm/java-8-oracle/jre/lib/amd64/libdt_socket.so
7fd938e4c000-7fd938e4f000 ---p 00000000 00:00 0 
7fd938e4f000-7fd938f4d000 rw-p 00000000 00:00 0 
7fd938f4d000-7fd938f50000 ---p 00000000 00:00 0 
7fd938f50000-7fd93904e000 rw-p 00000000 00:00 0 
7fd93904e000-7fd939051000 ---p 00000000 00:00 0 
7fd939051000-7fd93914f000 rw-p 00000000 00:00 0 
7fd93914f000-7fd939150000 ---p 00000000 00:00 0 
7fd939150000-7fd93a1e3000 rw-p 00000000 00:00 0 
7fd93a1e3000-7fd93a3bc000 r--s 03d29000 103:02 7605124                   /usr/lib/jvm/java-8-oracle/jre/lib/rt.jar
7fd93a3bc000-7fd93ecbf000 rw-p 00000000 00:00 0 
7fd93ecbf000-7fd93ecc0000 ---p 00000000 00:00 0 
7fd93ecc0000-7fd93edc0000 rw-p 00000000 00:00 0 
7fd93edc0000-7fd93edc1000 ---p 00000000 00:00 0 
7fd93edc1000-7fd93eec1000 rw-p 00000000 00:00 0 
7fd93eec1000-7fd93eec2000 ---p 00000000 00:00 0 
7fd93eec2000-7fd93efec000 rw-p 00000000 00:00 0 
7fd93efec000-7fd93f24f000 ---p 00000000 00:00 0 
7fd93f24f000-7fd93f279000 rw-p 00000000 00:00 0 
7fd93f279000-7fd93f4db000 ---p 00000000 00:00 0 
7fd93f4db000-7fd93f500000 rw-p 00000000 00:00 0 
7fd93f500000-7fd93f622000 ---p 00000000 00:00 0 
7fd93f622000-7fd93f63f000 rw-p 00000000 00:00 0 
7fd93f63f000-7fd93f9e3000 ---p 00000000 00:00 0 
7fd93f9e3000-7fd9400b3000 rwxp 00000000 00:00 0 
7fd9400b3000-7fd94e9e3000 ---p 00000000 00:00 0 
7fd94e9e3000-7fd94e9fd000 r-xp 00000000 103:02 7605153                   /usr/lib/jvm/java-8-oracle/jre/lib/amd64/libzip.so
7fd94e9fd000-7fd94ebfd000 ---p 0001a000 103:02 7605153                   /usr/lib/jvm/java-8-oracle/jre/lib/amd64/libzip.so
7fd94ebfd000-7fd94ebfe000 rw-p 0001a000 103:02 7605153                   /usr/lib/jvm/java-8-oracle/jre/lib/amd64/libzip.so
7fd94ebfe000-7fd94ec09000 r-xp 00000000 103:02 12063208                  /lib/x86_64-linux-gnu/libnss_files-2.23.so
7fd94ec09000-7fd94ee08000 ---p 0000b000 103:02 12063208                  /lib/x86_64-linux-gnu/libnss_files-2.23.so
7fd94ee08000-7fd94ee09000 r--p 0000a000 103:02 12063208                  /lib/x86_64-linux-gnu/libnss_files-2.23.so
7fd94ee09000-7fd94ee0a000 rw-p 0000b000 103:02 12063208                  /lib/x86_64-linux-gnu/libnss_files-2.23.so
7fd94ee0a000-7fd94ee10000 rw-p 00000000 00:00 0 
7fd94ee10000-7fd94ee1b000 r-xp 00000000 103:02 12063218                  /lib/x86_64-linux-gnu/libnss_nis-2.23.so
7fd94ee1b000-7fd94f01a000 ---p 0000b000 103:02 12063218                  /lib/x86_64-linux-gnu/libnss_nis-2.23.so
7fd94f01a000-7fd94f01b000 r--p 0000a000 103:02 12063218                  /lib/x86_64-linux-gnu/libnss_nis-2.23.so
7fd94f01b000-7fd94f01c000 rw-p 0000b000 103:02 12063218                  /lib/x86_64-linux-gnu/libnss_nis-2.23.so
7fd94f01c000-7fd94f032000 r-xp 00000000 103:02 12063202                  /lib/x86_64-linux-gnu/libnsl-2.23.so
7fd94f032000-7fd94f231000 ---p 00016000 103:02 12063202                  /lib/x86_64-linux-gnu/libnsl-2.23.so
7fd94f231000-7fd94f232000 r--p 00015000 103:02 12063202                  /lib/x86_64-linux-gnu/libnsl-2.23.so
7fd94f232000-7fd94f233000 rw-p 00016000 103:02 12063202                  /lib/x86_64-linux-gnu/libnsl-2.23.so
7fd94f233000-7fd94f235000 rw-p 00000000 00:00 0 
7fd94f235000-7fd94f23d000 r-xp 00000000 103:02 12063204                  /lib/x86_64-linux-gnu/libnss_compat-2.23.so
7fd94f23d000-7fd94f43c000 ---p 00008000 103:02 12063204                  /lib/x86_64-linux-gnu/libnss_compat-2.23.so
7fd94f43c000-7fd94f43d000 r--p 00007000 103:02 12063204                  /lib/x86_64-linux-gnu/libnss_compat-2.23.so
7fd94f43d000-7fd94f43e000 rw-p 00008000 103:02 12063204                  /lib/x86_64-linux-gnu/libnss_compat-2.23.so
7fd94f43e000-7fd94fdfd000 r--p 00000000 103:02 6822848                   /usr/lib/locale/locale-archive
7fd94fdfd000-7fd94fdff000 r-xp 00000000 103:02 7605161                   /usr/lib/jvm/java-8-oracle/jre/lib/amd64/libnpt.so
7fd94fdff000-7fd94ffff000 ---p 00002000 103:02 7605161                   /usr/lib/jvm/java-8-oracle/jre/lib/amd64/libnpt.so
7fd94ffff000-7fd950000000 rw-p 00002000 103:02 7605161                   /usr/lib/jvm/java-8-oracle/jre/lib/amd64/libnpt.so
7fd950000000-7fd950e39000 rw-p 00000000 00:00 0 
7fd950e39000-7fd954000000 ---p 00000000 00:00 0 
7fd954000000-7fd954001000 r--s 00002000 103:02 7740098                   /home/juri/.p2/pool/plugins/org.eclipse.emf_2.6.0.v20160526-0356.jar
7fd954001000-7fd954005000 r--s 0002a000 103:02 7741080                   /home/juri/.p2/pool/plugins/org.eclipse.equinox.registry_3.6.100.v20160223-2218.jar
7fd954005000-7fd9540ca000 rw-p 00000000 00:00 0 
7fd9540ca000-7fd9540cb000 ---p 00000000 00:00 0 
7fd9540cb000-7fd9541cb000 rw-p 00000000 00:00 0 
7fd9541cb000-7fd954204000 r-xp 00000000 103:02 7605129                   /usr/lib/jvm/java-8-oracle/jre/lib/amd64/libjdwp.so
7fd954204000-7fd954403000 ---p 00039000 103:02 7605129                   /usr/lib/jvm/java-8-oracle/jre/lib/amd64/libjdwp.so
7fd954403000-7fd954405000 rw-p 00038000 103:02 7605129                   /usr/lib/jvm/java-8-oracle/jre/lib/amd64/libjdwp.so
7fd954405000-7fd95442f000 r-xp 00000000 103:02 7605179                   /usr/lib/jvm/java-8-oracle/jre/lib/amd64/libjava.so
7fd95442f000-7fd95462f000 ---p 0002a000 103:02 7605179                   /usr/lib/jvm/java-8-oracle/jre/lib/amd64/libjava.so
7fd95462f000-7fd954631000 rw-p 0002a000 103:02 7605179                   /usr/lib/jvm/java-8-oracle/jre/lib/amd64/libjava.so
7fd954631000-7fd95463e000 r-xp 00000000 103:02 7605133                   /usr/lib/jvm/java-8-oracle/jre/lib/amd64/libverify.so
7fd95463e000-7fd95483e000 ---p 0000d000 103:02 7605133                   /usr/lib/jvm/java-8-oracle/jre/lib/amd64/libverify.so
7fd95483e000-7fd954840000 rw-p 0000d000 103:02 7605133                   /usr/lib/jvm/java-8-oracle/jre/lib/amd64/libverify.so
7fd954840000-7fd954847000 r-xp 00000000 103:02 12063263                  /lib/x86_64-linux-gnu/librt-2.23.so
7fd954847000-7fd954a46000 ---p 00007000 103:02 12063263                  /lib/x86_64-linux-gnu/librt-2.23.so
7fd954a46000-7fd954a47000 r--p 00006000 103:02 12063263                  /lib/x86_64-linux-gnu/librt-2.23.so
7fd954a47000-7fd954a48000 rw-p 00007000 103:02 12063263                  /lib/x86_64-linux-gnu/librt-2.23.so
7fd954a48000-7fd954b50000 r-xp 00000000 103:02 12063179                  /lib/x86_64-linux-gnu/libm-2.23.so
7fd954b50000-7fd954d4f000 ---p 00108000 103:02 12063179                  /lib/x86_64-linux-gnu/libm-2.23.so
7fd954d4f000-7fd954d50000 r--p 00107000 103:02 12063179                  /lib/x86_64-linux-gnu/libm-2.23.so
7fd954d50000-7fd954d51000 rw-p 00108000 103:02 12063179                  /lib/x86_64-linux-gnu/libm-2.23.so
7fd954d51000-7fd955a1c000 r-xp 00000000 103:02 7605183                   /usr/lib/jvm/java-8-oracle/jre/lib/amd64/server/libjvm.so
7fd955a1c000-7fd955c1b000 ---p 00ccb000 103:02 7605183                   /usr/lib/jvm/java-8-oracle/jre/lib/amd64/server/libjvm.so
7fd955c1b000-7fd955cf4000 rw-p 00cca000 103:02 7605183                   /usr/lib/jvm/java-8-oracle/jre/lib/amd64/server/libjvm.so
7fd955cf4000-7fd955d3f000 rw-p 00000000 00:00 0 
7fd955d3f000-7fd955eff000 r-xp 00000000 103:02 12063109                  /lib/x86_64-linux-gnu/libc-2.23.so
7fd955eff000-7fd9560fe000 ---p 001c0000 103:02 12063109                  /lib/x86_64-linux-gnu/libc-2.23.so
7fd9560fe000-7fd956102000 r--p 001bf000 103:02 12063109                  /lib/x86_64-linux-gnu/libc-2.23.so
7fd956102000-7fd956104000 rw-p 001c3000 103:02 12063109                  /lib/x86_64-linux-gnu/libc-2.23.so
7fd956104000-7fd956108000 rw-p 00000000 00:00 0 
7fd956108000-7fd95610b000 r-xp 00000000 103:02 12063133                  /lib/x86_64-linux-gnu/libdl-2.23.so
7fd95610b000-7fd95630a000 ---p 00003000 103:02 12063133                  /lib/x86_64-linux-gnu/libdl-2.23.so
7fd95630a000-7fd95630b000 r--p 00002000 103:02 12063133                  /lib/x86_64-linux-gnu/libdl-2.23.so
7fd95630b000-7fd95630c000 rw-p 00003000 103:02 12063133                  /lib/x86_64-linux-gnu/libdl-2.23.so
7fd95630c000-7fd956321000 r-xp 00000000 103:02 7209499                   /usr/lib/jvm/java-8-oracle/lib/amd64/jli/libjli.so
7fd956321000-7fd956521000 ---p 00015000 103:02 7209499                   /usr/lib/jvm/java-8-oracle/lib/amd64/jli/libjli.so
7fd956521000-7fd956522000 rw-p 00015000 103:02 7209499                   /usr/lib/jvm/java-8-oracle/lib/amd64/jli/libjli.so
7fd956522000-7fd95653a000 r-xp 00000000 103:02 12063255                  /lib/x86_64-linux-gnu/libpthread-2.23.so
7fd95653a000-7fd956739000 ---p 00018000 103:02 12063255                  /lib/x86_64-linux-gnu/libpthread-2.23.so
7fd956739000-7fd95673a000 r--p 00017000 103:02 12063255                  /lib/x86_64-linux-gnu/libpthread-2.23.so
7fd95673a000-7fd95673b000 rw-p 00018000 103:02 12063255                  /lib/x86_64-linux-gnu/libpthread-2.23.so
7fd95673b000-7fd95673f000 rw-p 00000000 00:00 0 
7fd95673f000-7fd956765000 r-xp 00000000 103:02 12063081                  /lib/x86_64-linux-gnu/ld-2.23.so
7fd956765000-7fd956768000 r--s 00019000 103:02 7741384                   /home/juri/.p2/pool/plugins/org.eclipse.core.jobs_3.8.0.v20160509-0411.jar
7fd956768000-7fd95676b000 r--s 0001b000 103:02 7741356                   /home/juri/.p2/pool/plugins/org.eclipse.equinox.common_3.8.0.v20160509-1230.jar
7fd95676b000-7fd95676c000 r--s 00003000 103:02 7740179                   /home/juri/.p2/pool/plugins/org.eclipse.wst.jsdt.nashorn.extension_1.0.0.v201605131737.jar
7fd95676c000-7fd95676f000 r--s 00039000 103:02 7741044                   /home/juri/.p2/pool/plugins/org.eclipse.osgi.compatibility.state_1.0.200.v20160504-1419.jar
7fd95676f000-7fd95683a000 rw-p 00000000 00:00 0 
7fd95683a000-7fd95683d000 ---p 00000000 00:00 0 
7fd95683d000-7fd95693f000 rw-p 00000000 00:00 0 
7fd95693f000-7fd956954000 r--s 0013d000 103:02 7740889                   /home/juri/.p2/pool/plugins/org.eclipse.osgi_3.11.0.v20160603-1336.jar
7fd956954000-7fd956956000 r--s 00003000 103:02 7740205                   /home/juri/.p2/pool/plugins/javax.inject_1.0.0.v20091030.jar
7fd956956000-7fd956958000 r--s 00011000 103:02 7740788                   /home/juri/.p2/pool/plugins/org.eclipse.core.runtime_3.12.0.v20160606-1342.jar
7fd956958000-7fd956960000 rw-s 00000000 103:02 7081598                   /tmp/hsperfdata_juri/19713
7fd956960000-7fd956961000 rw-p 00000000 00:00 0 
7fd956961000-7fd956962000 r--p 00000000 00:00 0 
7fd956962000-7fd956964000 rw-p 00000000 00:00 0 
7fd956964000-7fd956965000 r--p 00025000 103:02 12063081                  /lib/x86_64-linux-gnu/ld-2.23.so
7fd956965000-7fd956966000 rw-p 00026000 103:02 12063081                  /lib/x86_64-linux-gnu/ld-2.23.so
7fd956966000-7fd956967000 rw-p 00000000 00:00 0 
7ffe72227000-7ffe72249000 rw-p 00000000 00:00 0                          [stack]
7ffe7236e000-7ffe72370000 r--p 00000000 00:00 0                          [vvar]
7ffe72370000-7ffe72372000 r-xp 00000000 00:00 0                          [vdso]
ffffffffff600000-ffffffffff601000 r-xp 00000000 00:00 0                  [vsyscall]

VM Arguments:
jvm_args: -agentlib:jdwp=transport=dt_socket,suspend=y,address=localhost:39545 -Dfile.encoding=UTF-8 
java_command: org.miso_disim.requirementmetamodel.reduce.TestMain
java_class_path (initial): /home/juri/.p2/pool/plugins/org.eclipse.core.runtime_3.12.0.v20160606-1342.jar:/home/juri/.p2/pool/plugins/javax.inject_1.0.0.v20091030.jar:/home/juri/.p2/pool/plugins/org.eclipse.osgi_3.11.0.v20160603-1336.jar:/home/juri/.p2/pool/plugins/org.eclipse.osgi.compatibility.state_1.0.200.v20160504-1419.jar:/home/juri/.p2/pool/plugins/org.eclipse.wst.jsdt.nashorn.extension_1.0.0.v201605131737.jar:/home/juri/.p2/pool/plugins/org.eclipse.equinox.common_3.8.0.v20160509-1230.jar:/home/juri/.p2/pool/plugins/org.eclipse.core.jobs_3.8.0.v20160509-0411.jar:/home/juri/.p2/pool/plugins/org.eclipse.equinox.registry_3.6.100.v20160223-2218.jar:/home/juri/.p2/pool/plugins/org.eclipse.equinox.preferences_3.6.0.v20160120-1756.jar:/home/juri/.p2/pool/plugins/org.eclipse.core.contenttype_3.5.100.v20160418-1621.jar:/home/juri/.p2/pool/plugins/org.eclipse.equinox.app_1.3.400.v20150715-1528.jar:/home/juri/.p2/pool/plugins/org.eclipse.emf_2.6.0.v20160526-0356.jar:/home/juri/.p2/pool/plugins/org.eclipse.emf.ecore.xmi_2.12.0.v20160420-0247.jar:/home/juri/.p2/pool/plugins/org.eclipse.emf.ecore_2.12.0.v20160420-0247.jar:/home/juri/.p2/pool/plugins/org.eclipse.emf.common_2.12.0.v20160420-0247.jar:/home/juri/.p2/pool/plugins/org.eclipse.m2m.atl.dsls_3.6.0.v201505180909.jar:/home/juri/.p2/pool/plugins/org.antlr.runtime_3.0.0.v200803061811.jar:/home/juri/.p2/pool/plugins/org.eclipse.m2m.atl.common_3.6.0.v201505180909.jar:/home/juri/.p2/pool/plugins/org.eclipse.m2m.atl.engine_3.6.0.v201505180909.jar:/home/juri/.p2/pool/plugins/org.eclipse.m2m.atl.core.emf_3.6.0.v201505180909.jar:/home/juri/.p2/pool/plugins/org.eclipse.m2m.atl.core_3.6.0.v201505180909.jar:/home/juri/development/workspaces/FootprintUI/anatlyzer.atl.typing/bin:/home/juri/.p2/pool/plugins/org.eclipse.core.resources_3.11.0.v20160503-1608.jar:/home/juri/development/workspaces/FootprintUI/anatlyzer.use.witness/lib/dist/transml_use_complete.jar:/home/juri/development/workspaces/FootprintUI/anatlyzer.use.witness/lib
Launcher Type: SUN_STANDARD

Environment Variables:
PATH=/home/juri/bin:/home/juri/.local/bin:/usr/local/sbin:/usr/local/bin:/usr/sbin:/usr/bin:/sbin:/bin:/usr/games:/usr/local/games:/snap/bin
SHELL=/bin/bash
DISPLAY=:0

Signal Handlers:
SIGSEGV: [libjvm.so+0xac4790], sa_mask[0]=11111111011111111101111111111110, sa_flags=SA_RESTART|SA_SIGINFO
SIGBUS: [libjvm.so+0xac4790], sa_mask[0]=11111111011111111101111111111110, sa_flags=SA_RESTART|SA_SIGINFO
SIGFPE: [libjvm.so+0x91f140], sa_mask[0]=11111111011111111101111111111110, sa_flags=SA_RESTART|SA_SIGINFO
SIGPIPE: [libjvm.so+0x91f140], sa_mask[0]=11111111011111111101111111111110, sa_flags=SA_RESTART|SA_SIGINFO
SIGXFSZ: [libjvm.so+0x91f140], sa_mask[0]=11111111011111111101111111111110, sa_flags=SA_RESTART|SA_SIGINFO
SIGILL: [libjvm.so+0x91f140], sa_mask[0]=11111111011111111101111111111110, sa_flags=SA_RESTART|SA_SIGINFO
SIGUSR1: SIG_DFL, sa_mask[0]=00000000000000000000000000000000, sa_flags=none
SIGUSR2: [libjvm.so+0x920770], sa_mask[0]=00100000000000000000000000000000, sa_flags=SA_RESTART|SA_SIGINFO
SIGHUP: [libjvm.so+0x921b70], sa_mask[0]=11111111011111111101111111111110, sa_flags=SA_RESTART|SA_SIGINFO
SIGINT: [libjvm.so+0x921b70], sa_mask[0]=11111111011111111101111111111110, sa_flags=SA_RESTART|SA_SIGINFO
SIGTERM: [libjvm.so+0x921b70], sa_mask[0]=11111111011111111101111111111110, sa_flags=SA_RESTART|SA_SIGINFO
SIGQUIT: [libjvm.so+0x921b70], sa_mask[0]=11111111011111111101111111111110, sa_flags=SA_RESTART|SA_SIGINFO


---------------  S Y S T E M  ---------------

OS:DISTRIB_ID=Ubuntu
DISTRIB_RELEASE=16.04
DISTRIB_CODENAME=xenial
DISTRIB_DESCRIPTION="Ubuntu 16.04.1 LTS"

uname:Linux 4.4.0-38-generic #57-Ubuntu SMP Tue Sep 6 15:42:33 UTC 2016 x86_64
libc:glibc 2.23 NPTL 2.23 
rlimit: STACK 8192k, CORE 0k, NPROC 30176, NOFILE 65536, AS infinity
load average:1,72 1,77 1,64

/proc/meminfo:
MemTotal:        8018788 kB
MemFree:          432004 kB
MemAvailable:    1092396 kB
Buffers:           86616 kB
Cached:          1905660 kB
SwapCached:       159176 kB
Active:          5760116 kB
Inactive:        1438524 kB
Active(anon):    5252044 kB
Inactive(anon):  1100656 kB
Active(file):     508072 kB
Inactive(file):   337868 kB
Unevictable:         872 kB
Mlocked:             872 kB
SwapTotal:       8231932 kB
SwapFree:        6259516 kB
Dirty:               156 kB
Writeback:             0 kB
AnonPages:       5125824 kB
Mapped:          1150848 kB
Shmem:           1146336 kB
Slab:             208184 kB
SReclaimable:      79932 kB
SUnreclaim:       128252 kB
KernelStack:       17168 kB
PageTables:        85316 kB
NFS_Unstable:          0 kB
Bounce:                0 kB
WritebackTmp:          0 kB
CommitLimit:    12241324 kB
Committed_AS:   18394988 kB
VmallocTotal:   34359738367 kB
VmallocUsed:           0 kB
VmallocChunk:          0 kB
HardwareCorrupted:     0 kB
AnonHugePages:   2205696 kB
CmaTotal:              0 kB
CmaFree:               0 kB
HugePages_Total:       0
HugePages_Free:        0
HugePages_Rsvd:        0
HugePages_Surp:        0
Hugepagesize:       2048 kB
DirectMap4k:      367868 kB
DirectMap2M:     7864320 kB
DirectMap1G:           0 kB


CPU:total 4 (2 cores per cpu, 2 threads per core) family 6 model 78 stepping 3, cmov, cx8, fxsr, mmx, sse, sse2, sse3, ssse3, sse4.1, sse4.2, popcnt, avx, avx2, aes, clmul, erms, 3dnowpref, lzcnt, ht, tsc, tscinvbit, bmi1, bmi2, adx

/proc/cpuinfo:
processor	: 0
vendor_id	: GenuineIntel
cpu family	: 6
model		: 78
model name	: Intel(R) Core(TM) i5-6200U CPU @ 2.30GHz
stepping	: 3
microcode	: 0x8a
cpu MHz		: 2699.906
cache size	: 3072 KB
physical id	: 0
siblings	: 4
core id		: 0
cpu cores	: 2
apicid		: 0
initial apicid	: 0
fpu		: yes
fpu_exception	: yes
cpuid level	: 22
wp		: yes
flags		: fpu vme de pse tsc msr pae mce cx8 apic sep mtrr pge mca cmov pat pse36 clflush dts acpi mmx fxsr sse sse2 ss ht tm pbe syscall nx pdpe1gb rdtscp lm constant_tsc art arch_perfmon pebs bts rep_good nopl xtopology nonstop_tsc aperfmperf eagerfpu pni pclmulqdq dtes64 monitor ds_cpl vmx est tm2 ssse3 sdbg fma cx16 xtpr pdcm pcid sse4_1 sse4_2 x2apic movbe popcnt tsc_deadline_timer aes xsave avx f16c rdrand lahf_lm abm 3dnowprefetch epb intel_pt tpr_shadow vnmi flexpriority ept vpid fsgsbase tsc_adjust bmi1 avx2 smep bmi2 erms invpcid mpx rdseed adx smap clflushopt xsaveopt xsavec xgetbv1 dtherm ida arat pln pts hwp hwp_notify hwp_act_window hwp_epp
bugs		:
bogomips	: 4799.93
clflush size	: 64
cache_alignment	: 64
address sizes	: 39 bits physical, 48 bits virtual
power management:

processor	: 1
vendor_id	: GenuineIntel
cpu family	: 6
model		: 78
model name	: Intel(R) Core(TM) i5-6200U CPU @ 2.30GHz
stepping	: 3
microcode	: 0x8a
cpu MHz		: 2700.000
cache size	: 3072 KB
physical id	: 0
siblings	: 4
core id		: 1
cpu cores	: 2
apicid		: 2
initial apicid	: 2
fpu		: yes
fpu_exception	: yes
cpuid level	: 22
wp		: yes
flags		: fpu vme de pse tsc msr pae mce cx8 apic sep mtrr pge mca cmov pat pse36 clflush dts acpi mmx fxsr sse sse2 ss ht tm pbe syscall nx pdpe1gb rdtscp lm constant_tsc art arch_perfmon pebs bts rep_good nopl xtopology nonstop_tsc aperfmperf eagerfpu pni pclmulqdq dtes64 monitor ds_cpl vmx est tm2 ssse3 sdbg fma cx16 xtpr pdcm pcid sse4_1 sse4_2 x2apic movbe popcnt tsc_deadline_timer aes xsave avx f16c rdrand lahf_lm abm 3dnowprefetch epb intel_pt tpr_shadow vnmi flexpriority ept vpid fsgsbase tsc_adjust bmi1 avx2 smep bmi2 erms invpcid mpx rdseed adx smap clflushopt xsaveopt xsavec xgetbv1 dtherm ida arat pln pts hwp hwp_notify hwp_act_window hwp_epp
bugs		:
bogomips	: 4799.93
clflush size	: 64
cache_alignment	: 64
address sizes	: 39 bits physical, 48 bits virtual
power management:

processor	: 2
vendor_id	: GenuineIntel
cpu family	: 6
model		: 78
model name	: Intel(R) Core(TM) i5-6200U CPU @ 2.30GHz
stepping	: 3
microcode	: 0x8a
cpu MHz		: 2699.906
cache size	: 3072 KB
physical id	: 0
siblings	: 4
core id		: 0
cpu cores	: 2
apicid		: 1
initial apicid	: 1
fpu		: yes
fpu_exception	: yes
cpuid level	: 22
wp		: yes
flags		: fpu vme de pse tsc msr pae mce cx8 apic sep mtrr pge mca cmov pat pse36 clflush dts acpi mmx fxsr sse sse2 ss ht tm pbe syscall nx pdpe1gb rdtscp lm constant_tsc art arch_perfmon pebs bts rep_good nopl xtopology nonstop_tsc aperfmperf eagerfpu pni pclmulqdq dtes64 monitor ds_cpl vmx est tm2 ssse3 sdbg fma cx16 xtpr pdcm pcid sse4_1 sse4_2 x2apic movbe popcnt tsc_deadline_timer aes xsave avx f16c rdrand lahf_lm abm 3dnowprefetch epb intel_pt tpr_shadow vnmi flexpriority ept vpid fsgsbase tsc_adjust bmi1 avx2 smep bmi2 erms invpcid mpx rdseed adx smap clflushopt xsaveopt xsavec xgetbv1 dtherm ida arat pln pts hwp hwp_notify hwp_act_window hwp_epp
bugs		:
bogomips	: 4799.93
clflush size	: 64
cache_alignment	: 64
address sizes	: 39 bits physical, 48 bits virtual
power management:

processor	: 3
vendor_id	: GenuineIntel
cpu family	: 6
model		: 78
model name	: Intel(R) Core(TM) i5-6200U CPU @ 2.30GHz
stepping	: 3
microcode	: 0x8a
cpu MHz		: 2699.906
cache size	: 3072 KB
physical id	: 0
siblings	: 4
core id		: 1
cpu cores	: 2
apicid		: 3
initial apicid	: 3
fpu		: yes
fpu_exception	: yes
cpuid level	: 22
wp		: yes
flags		: fpu vme de pse tsc msr pae mce cx8 apic sep mtrr pge mca cmov pat pse36 clflush dts acpi mmx fxsr sse sse2 ss ht tm pbe syscall nx pdpe1gb rdtscp lm constant_tsc art arch_perfmon pebs bts rep_good nopl xtopology nonstop_tsc aperfmperf eagerfpu pni pclmulqdq dtes64 monitor ds_cpl vmx est tm2 ssse3 sdbg fma cx16 xtpr pdcm pcid sse4_1 sse4_2 x2apic movbe popcnt tsc_deadline_timer aes xsave avx f16c rdrand lahf_lm abm 3dnowprefetch epb intel_pt tpr_shadow vnmi flexpriority ept vpid fsgsbase tsc_adjust bmi1 avx2 smep bmi2 erms invpcid mpx rdseed adx smap clflushopt xsaveopt xsavec xgetbv1 dtherm ida arat pln pts hwp hwp_notify hwp_act_window hwp_epp
bugs		:
bogomips	: 4799.93
clflush size	: 64
cache_alignment	: 64
address sizes	: 39 bits physical, 48 bits virtual
power management:



Memory: 4k page, physical 8018788k(432004k free), swap 8231932k(6259516k free)

vm_info: Java HotSpot(TM) 64-Bit Server VM (25.101-b13) for linux-amd64 JRE (1.8.0_101-b13), built on Jun 22 2016 02:59:44 by "java_re" with gcc 4.3.0 20080428 (Red Hat 4.3.0-8)

time: Wed Oct 12 22:36:29 2016
elapsed time: 922 seconds (0d 0h 15m 22s)

