#
# A fatal error has been detected by the Java Runtime Environment:
#
#  SIGSEGV (0xb) at pc=0x00007f209ab39c43, pid=5590, tid=0x00007f2076285700
#
# JRE version: Java(TM) SE Runtime Environment (8.0_101-b13) (build 1.8.0_101-b13)
# Java VM: Java HotSpot(TM) 64-Bit Server VM (25.101-b13 mixed mode linux-amd64 compressed oops)
# Problematic frame:
# V  [libjvm.so+0x78bc43]  JvmtiEnv::GetClassMethods(oopDesc*, int*, _jmethodID***)+0x2f3
#
# Failed to write core dump. Core dumps have been disabled. To enable core dumping, try "ulimit -c unlimited" before starting Java again
#
# If you would like to submit a bug report, please visit:
#   http://bugreport.java.com/bugreport/crash.jsp
#

---------------  T H R E A D  ---------------

Current thread (0x00007f20940c7000):  JavaThread "JDWP Transport Listener: dt_socket" daemon [_thread_in_vm, id=5607, stack(0x00007f2076185000,0x00007f2076286000)]

siginfo: si_signo: 11 (SIGSEGV), si_code: 1 (SEGV_MAPERR), si_addr: 0x00007f1d3588f2a0

Registers:
RAX=0xffffffff9b30fef0, RBX=0x00007f20940bfdb0, RCX=0x00007f2094009580, RDX=0x00007f205c00fb20
RSP=0x00007f20762846a0, RBP=0x00007f2076284790, RSI=0x0000000000000001, RDI=0x0000000000000001
R8 =0x00007f20940bfdb0, R9 =0x0000000000000000, R10=0x0000000000000001, R11=0x00007f205c007e78
R12=0x00007f2094004ea0, R13=0x00007f2075261a30, R14=0x000000010022a620, R15=0x00007f2076284860
RIP=0x00007f209ab39c43, EFLAGS=0x0000000000010246, CSGSFS=0x0000000000000033, ERR=0x0000000000000006
  TRAPNO=0x000000000000000e

Top of Stack: (sp=0x00007f20762846a0)
0x00007f20762846a0:   00007f20940bb060 00007f2076284750
0x00007f20762846b0:   00007f20943063e0 00007f2076284700
0x00007f20762846c0:   00007f2076284850 000000379aa9515a
0x00007f20762846d0:   00007f205c00fb20 9b30fef000000035
0x00007f20762846e0:   00007f20940c7000 00007f20940bb060
0x00007f20762846f0:   00007f20940c71f8 00007f2099a61e40
0x00007f2076284700:   00007f20940c7000 00007f20940bfd70
0x00007f2076284710:   00007f20940c7f30 00007f20940c7f40
0x00007f2076284720:   00007f20940c8018 00000000000000d8
0x00007f2076284730:   00007f2076284b50 00007f209aa7b2cc
0x00007f2076284740:   00007f20943063e0 00007f2099a61e40
0x00007f2076284750:   00007f2075261a30 00007f20940c7000
0x00007f2076284760:   00007f20762847b0 00000000d830dc58
0x00007f2076284770:   00007f2094004ea0 0000000000000074
0x00007f2076284780:   00007f20940c7000 00007f2076284850
0x00007f2076284790:   00007f2076284800 00007f209aaebea0
0x00007f20762847a0:   00007f20762847b0 00007f2076284860
0x00007f20762847b0:   00007f20940c7000 0000000000000000
0x00007f20762847c0:   00007f2000000000 0000000000000000
0x00007f20762847d0:   00000000000f0200 00007f2099a61e40
0x00007f20762847e0:   00007f20762848d0 00007f20943063e0
0x00007f20762847f0:   00000000000f0200 000000000000000f
0x00007f2076284800:   00007f2076284890 00007f209982e96e
0x00007f2076284810:   0000000000000073 00007f209ab2f909
0x00007f2076284820:   00007f2076284860 00007f209aaedc13
0x00007f2076284830:   000000015c002fc0 00007f205c00ec50
0x00007f2076284840:   00007f2076284870 00007f2099834ba0
0x00007f2076284850:   0000000000000000 00007f20762848d0
0x00007f2076284860:   0000000000000000 0000000000000002
0x00007f2076284870:   000000000000000f 0000000000000002
0x00007f2076284880:   00000000000f0200 000000000000000f
0x00007f2076284890:   00007f2076284ae0 00007f20998399c6 

Instructions: (pc=0x00007f209ab39c43)
0x00007f209ab39c23:   41 8b 00 48 83 c6 08 39 c7 7c e2 44 8d 48 ff 45
0x00007f209ab39c33:   89 08 48 63 85 4c ff ff ff 48 8b 95 40 ff ff ff
0x00007f209ab39c43:   4c 89 1c c2 83 85 48 ff ff ff 01 8b 85 3c ff ff
0x00007f209ab39c53:   ff 39 85 48 ff ff ff 0f 8c e1 fd ff ff 8b 85 3c 

Register to memory mapping:

RAX=0xffffffff9b30fef0 is an unknown value
RBX=0x00007f20940bfdb0 is an unknown value
RCX=0x00007f2094009580 is an unknown value
RDX=0x00007f205c00fb20 is an unknown value
RSP=0x00007f20762846a0 is pointing into the stack for thread: 0x00007f20940c7000
RBP=0x00007f2076284790 is pointing into the stack for thread: 0x00007f20940c7000
RSI=0x0000000000000001 is an unknown value
RDI=0x0000000000000001 is an unknown value
R8 =0x00007f20940bfdb0 is an unknown value
R9 =0x0000000000000000 is an unknown value
R10=0x0000000000000001 is an unknown value
R11=0x00007f205c007e78 is an unknown value
R12=0x00007f2094004ea0 is an unknown value
R13={method} {0x00007f2075261a30} 'lambda$6' '(Ljava/util/Map$Entry;)Lanatlyzer/atlext/ATL/ContextHelper;' in 'org/miso_disim/requirementmetamodel/reduce/OutputMetamodelVisitor'
R14=0x000000010022a620 is pointing into metadata
R15=0x00007f2076284860 is pointing into the stack for thread: 0x00007f20940c7000


Stack: [0x00007f2076185000,0x00007f2076286000],  sp=0x00007f20762846a0,  free space=1021k
Native frames: (J=compiled Java code, j=interpreted, Vv=VM code, C=native code)
V  [libjvm.so+0x78bc43]  JvmtiEnv::GetClassMethods(oopDesc*, int*, _jmethodID***)+0x2f3
V  [libjvm.so+0x73dea0]  jvmti_GetClassMethods+0x290
C  [libjdwp.so+0x696e]  methods1+0x7e
C  [libjdwp.so+0x119c6]  debugLoop_run+0x2b6
C  [libjdwp.so+0x247ff]  attachThread+0x2f
V  [libjvm.so+0x7a63e2]  JvmtiAgentThread::call_start_function()+0xc2
V  [libjvm.so+0xa7343f]  JavaThread::thread_main_inner()+0xdf
V  [libjvm.so+0xa7356c]  JavaThread::run()+0x11c
V  [libjvm.so+0x924698]  java_start(Thread*)+0x108
C  [libpthread.so.0+0x76fa]  start_thread+0xca


---------------  P R O C E S S  ---------------

Java Threads: ( => current thread )
  0x00007f209437f800 JavaThread "EMF Reference Cleaner" daemon [_thread_blocked, id=5619, stack(0x00007f20757df000,0x00007f20758e0000)]
  0x00007f20940dd000 JavaThread "Service Thread" daemon [_thread_blocked, id=5617, stack(0x00007f2075b7f000,0x00007f2075c80000)]
  0x00007f20940d1800 JavaThread "C1 CompilerThread2" daemon [_thread_blocked, id=5616, stack(0x00007f2075c80000,0x00007f2075d81000)]
  0x00007f20940d0000 JavaThread "C2 CompilerThread1" daemon [_thread_blocked, id=5615, stack(0x00007f2075d81000,0x00007f2075e82000)]
  0x00007f20940cd000 JavaThread "C2 CompilerThread0" daemon [_thread_blocked, id=5614, stack(0x00007f2075e82000,0x00007f2075f83000)]
  0x00007f205c001000 JavaThread "JDWP Command Reader" daemon [_thread_in_native, id=5611, stack(0x00007f2075f83000,0x00007f2076084000)]
  0x00007f20940ca800 JavaThread "JDWP Event Helper Thread" daemon [_thread_blocked, id=5609, stack(0x00007f2076084000,0x00007f2076185000)]
=>0x00007f20940c7000 JavaThread "JDWP Transport Listener: dt_socket" daemon [_thread_in_vm, id=5607, stack(0x00007f2076185000,0x00007f2076286000)]
  0x00007f20940ba000 JavaThread "Signal Dispatcher" daemon [_thread_blocked, id=5605, stack(0x00007f207648a000,0x00007f207658b000)]
  0x00007f2094087800 JavaThread "Finalizer" daemon [_thread_blocked, id=5604, stack(0x00007f207658b000,0x00007f207668c000)]
  0x00007f2094083000 JavaThread "Reference Handler" daemon [_thread_blocked, id=5603, stack(0x00007f207668c000,0x00007f207678d000)]
  0x00007f209400d800 JavaThread "main" [_thread_blocked, id=5592, stack(0x00007f209be97000,0x00007f209bf98000)]

Other Threads:
  0x00007f209407b800 VMThread [stack: 0x00007f207678d000,0x00007f207688e000] [id=5602]
  0x00007f20940e0000 WatcherThread [stack: 0x00007f2075a7e000,0x00007f2075b7f000] [id=5618]

VM state:not at safepoint (normal execution)

VM Mutex/Monitor currently owned by a thread: None

Heap:
 PSYoungGen      total 36864K, used 23079K [0x00000000d7380000, 0x00000000dbb80000, 0x0000000100000000)
  eden space 31744K, 56% used [0x00000000d7380000,0x00000000d8511c30,0x00000000d9280000)
  from space 5120K, 99% used [0x00000000d9780000,0x00000000d9c78020,0x00000000d9c80000)
  to   space 5120K, 0% used [0x00000000d9280000,0x00000000d9280000,0x00000000d9780000)
 ParOldGen       total 84992K, used 4227K [0x0000000085a00000, 0x000000008ad00000, 0x00000000d7380000)
  object space 84992K, 4% used [0x0000000085a00000,0x0000000085e20cb0,0x000000008ad00000)
 Metaspace       used 16960K, capacity 17196K, committed 17408K, reserved 1064960K
  class space    used 2173K, capacity 2245K, committed 2304K, reserved 1048576K

Card table byte_map: [0x00007f208486c000,0x00007f2084c40000] byte_map_base: 0x00007f208443f000

Marking Bits: (ParMarkBitMap*) 0x00007f209b36f120
 Begin Bits: [0x00007f207c2d0000, 0x00007f207e168000)
 End Bits:   [0x00007f207e168000, 0x00007f2080000000)

Polling page: 0x00007f209bfbe000

CodeCache: size=245760Kb used=7855Kb max_used=7878Kb free=237904Kb
 bounds [0x00007f2085000000, 0x00007f20857c0000, 0x00007f2094000000]
 total_blobs=2420 nmethods=2063 adapters=277
 compilation: enabled

Compilation events (10 events):
Event: 56,877 Thread 0x00007f20940d0000 nmethod 2063 0x00007f2085772050 code [0x00007f20857721a0, 0x00007f2085772418]
Event: 56,878 Thread 0x00007f20940cd000 nmethod 2065 0x00007f208576acd0 code [0x00007f208576ae40, 0x00007f208576b098]
Event: 68,783 Thread 0x00007f20940d1800 2067       3       org.eclipse.emf.ecore.impl.BasicEObjectImpl::toString (128 bytes)
Event: 68,785 Thread 0x00007f20940d1800 nmethod 2067 0x00007f208579b0d0 code [0x00007f208579b4e0, 0x00007f208579dc58]
Event: 68,785 Thread 0x00007f20940d1800 2070       3       java.lang.Integer::formatUnsignedInt (48 bytes)
Event: 68,785 Thread 0x00007f20940d1800 nmethod 2070 0x00007f208576c110 code [0x00007f208576c280, 0x00007f208576c510]
Event: 68,785 Thread 0x00007f20940d1800 2069       3       java.lang.StringBuilder::append (9 bytes)
Event: 68,786 Thread 0x00007f20940d1800 nmethod 2069 0x00007f208576ba10 code [0x00007f208576bba0, 0x00007f208576bf98]
Event: 68,786 Thread 0x00007f20940d1800 2068       3       java.lang.Integer::toHexString (6 bytes)
Event: 68,786 Thread 0x00007f20940d1800 nmethod 2068 0x00007f208576b690 code [0x00007f208576b800, 0x00007f208576b968]

GC Heap History (4 events):
Event: 1,288 GC heap before
{Heap before GC invocations=1 (full 0):
 PSYoungGen      total 36864K, used 31744K [0x00000000d7380000, 0x00000000d9c80000, 0x0000000100000000)
  eden space 31744K, 100% used [0x00000000d7380000,0x00000000d9280000,0x00000000d9280000)
  from space 5120K, 0% used [0x00000000d9780000,0x00000000d9780000,0x00000000d9c80000)
  to   space 5120K, 0% used [0x00000000d9280000,0x00000000d9280000,0x00000000d9780000)
 ParOldGen       total 84992K, used 0K [0x0000000085a00000, 0x000000008ad00000, 0x00000000d7380000)
  object space 84992K, 0% used [0x0000000085a00000,0x0000000085a00000,0x000000008ad00000)
 Metaspace       used 9734K, capacity 9820K, committed 9856K, reserved 1058816K
  class space    used 1113K, capacity 1140K, committed 1152K, reserved 1048576K
Event: 1,300 GC heap after
Heap after GC invocations=1 (full 0):
 PSYoungGen      total 36864K, used 5108K [0x00000000d7380000, 0x00000000d9c80000, 0x0000000100000000)
  eden space 31744K, 0% used [0x00000000d7380000,0x00000000d7380000,0x00000000d9280000)
  from space 5120K, 99% used [0x00000000d9280000,0x00000000d977d318,0x00000000d9780000)
  to   space 5120K, 0% used [0x00000000d9780000,0x00000000d9780000,0x00000000d9c80000)
 ParOldGen       total 84992K, used 1760K [0x0000000085a00000, 0x000000008ad00000, 0x00000000d7380000)
  object space 84992K, 2% used [0x0000000085a00000,0x0000000085bb83e0,0x000000008ad00000)
 Metaspace       used 9734K, capacity 9820K, committed 9856K, reserved 1058816K
  class space    used 1113K, capacity 1140K, committed 1152K, reserved 1048576K
}
Event: 2,108 GC heap before
{Heap before GC invocations=2 (full 0):
 PSYoungGen      total 36864K, used 36852K [0x00000000d7380000, 0x00000000d9c80000, 0x0000000100000000)
  eden space 31744K, 100% used [0x00000000d7380000,0x00000000d9280000,0x00000000d9280000)
  from space 5120K, 99% used [0x00000000d9280000,0x00000000d977d318,0x00000000d9780000)
  to   space 5120K, 0% used [0x00000000d9780000,0x00000000d9780000,0x00000000d9c80000)
 ParOldGen       total 84992K, used 1760K [0x0000000085a00000, 0x000000008ad00000, 0x00000000d7380000)
  object space 84992K, 2% used [0x0000000085a00000,0x0000000085bb83e0,0x000000008ad00000)
 Metaspace       used 13661K, capacity 13790K, committed 14080K, reserved 1060864K
  class space    used 1663K, capacity 1688K, committed 1792K, reserved 1048576K
Event: 2,124 GC heap after
Heap after GC invocations=2 (full 0):
 PSYoungGen      total 36864K, used 5088K [0x00000000d7380000, 0x00000000dbb80000, 0x0000000100000000)
  eden space 31744K, 0% used [0x00000000d7380000,0x00000000d7380000,0x00000000d9280000)
  from space 5120K, 99% used [0x00000000d9780000,0x00000000d9c78020,0x00000000d9c80000)
  to   space 5120K, 0% used [0x00000000d9280000,0x00000000d9280000,0x00000000d9780000)
 ParOldGen       total 84992K, used 4227K [0x0000000085a00000, 0x000000008ad00000, 0x00000000d7380000)
  object space 84992K, 4% used [0x0000000085a00000,0x0000000085e20cb0,0x000000008ad00000)
 Metaspace       used 13661K, capacity 13790K, committed 14080K, reserved 1060864K
  class space    used 1663K, capacity 1688K, committed 1792K, reserved 1048576K
}

Deoptimization events (10 events):
Event: 2,265 Thread 0x00007f209400d800 Uncommon trap: reason=unstable_if action=reinterpret pc=0x00007f2085695024 method=org.eclipse.emf.ecore.impl.BasicEObjectImpl.eBasicSetContainer(Lorg/eclipse/emf/ecore/InternalEObject;ILorg/eclipse/emf/common/notify/NotificationChain;)Lorg/eclipse/emf/com
Event: 2,277 Thread 0x00007f209400d800 Uncommon trap: reason=bimorphic action=maybe_recompile pc=0x00007f20853a2ddc method=org.eclipse.emf.ecore.impl.BasicEObjectImpl.eInternalResource()Lorg/eclipse/emf/ecore/resource/Resource$Internal; @ 56
Event: 2,310 Thread 0x00007f209400d800 Uncommon trap: reason=unstable_if action=reinterpret pc=0x00007f208528bab8 method=java.lang.String.replace(CC)Ljava/lang/String; @ 26
Event: 2,311 Thread 0x00007f209400d800 Uncommon trap: reason=class_check action=maybe_recompile pc=0x00007f20856281c4 method=java.util.LinkedHashMap.afterNodeInsertion(Z)V @ 15
Event: 2,377 Thread 0x00007f209400d800 Uncommon trap: reason=unstable_if action=reinterpret pc=0x00007f208565cec4 method=java.lang.String.substring(I)Ljava/lang/String; @ 35
Event: 2,453 Thread 0x00007f209400d800 Uncommon trap: reason=unstable_if action=reinterpret pc=0x00007f2085213f9c method=java.util.Arrays.equals([B[B)Z @ 2
Event: 2,567 Thread 0x00007f209400d800 Uncommon trap: reason=bimorphic action=maybe_recompile pc=0x00007f20854a4a6c method=org.eclipse.emf.ecore.impl.EClassifierImpl.getEPackage()Lorg/eclipse/emf/ecore/EPackage; @ 22
Event: 2,571 Thread 0x00007f209400d800 Uncommon trap: reason=bimorphic action=maybe_recompile pc=0x00007f20854a4a6c method=org.eclipse.emf.ecore.impl.EClassifierImpl.getEPackage()Lorg/eclipse/emf/ecore/EPackage; @ 22
Event: 2,572 Thread 0x00007f209400d800 Uncommon trap: reason=bimorphic action=maybe_recompile pc=0x00007f20854a4a6c method=org.eclipse.emf.ecore.impl.EClassifierImpl.getEPackage()Lorg/eclipse/emf/ecore/EPackage; @ 22
Event: 56,862 Thread 0x00007f209400d800 Uncommon trap: reason=unstable_if action=reinterpret pc=0x00007f2085238230 method=java.lang.AbstractStringBuilder.append(Ljava/lang/String;)Ljava/lang/AbstractStringBuilder; @ 1

Internal exceptions (10 events):
Event: 0,523 Thread 0x00007f209400d800 Exception <a 'java/security/PrivilegedActionException'> (0x00000000d80c5168) thrown at [/HUDSON3/workspace/8-2-build-linux-amd64/jdk8u101/7261/hotspot/src/share/vm/prims/jvm.cpp, line 1386]
Event: 0,523 Thread 0x00007f209400d800 Exception <a 'java/security/PrivilegedActionException'> (0x00000000d80c75a8) thrown at [/HUDSON3/workspace/8-2-build-linux-amd64/jdk8u101/7261/hotspot/src/share/vm/prims/jvm.cpp, line 1386]
Event: 0,523 Thread 0x00007f209400d800 Exception <a 'java/security/PrivilegedActionException'> (0x00000000d80c77b8) thrown at [/HUDSON3/workspace/8-2-build-linux-amd64/jdk8u101/7261/hotspot/src/share/vm/prims/jvm.cpp, line 1386]
Event: 1,315 Thread 0x00007f209400d800 Implicit null exception at 0x00007f2085383e34 to 0x00007f20853840d5
Event: 1,497 Thread 0x00007f209400d800 Implicit null exception at 0x00007f20854d54d8 to 0x00007f20854d59fd
Event: 1,899 Thread 0x00007f209400d800 Implicit null exception at 0x00007f20855d30bd to 0x00007f20855d7b41
Event: 2,264 Thread 0x00007f209400d800 Implicit null exception at 0x00007f20855ebe54 to 0x00007f20855ebfd5
Event: 2,434 Thread 0x00007f209400d800 Exception <a 'java/lang/NoSuchFieldError': method resolution failed> (0x00000000d80ba230) thrown at [/HUDSON3/workspace/8-2-build-linux-amd64/jdk8u101/7261/hotspot/src/share/vm/prims/methodHandles.cpp, line 1146]
Event: 2,438 Thread 0x00007f209400d800 Exception <a 'java/lang/NoSuchFieldError': method resolution failed> (0x00000000d80c78f0) thrown at [/HUDSON3/workspace/8-2-build-linux-amd64/jdk8u101/7261/hotspot/src/share/vm/prims/methodHandles.cpp, line 1146]
Event: 56,862 Thread 0x00007f209400d800 Implicit null exception at 0x00007f2085237db6 to 0x00007f2085238219

Events (10 events):
Event: 195,801 Executing VM operation: EnterInterpOnlyMode
Event: 195,801 Executing nested VM operation: Deoptimize
Event: 195,801 Executing nested VM operation: Deoptimize done
Event: 195,801 Executing VM operation: EnterInterpOnlyMode done
Event: 195,801 Executing VM operation: ChangeSingleStep
Event: 195,801 Executing VM operation: ChangeSingleStep done
Event: 195,802 Executing VM operation: ChangeSingleStep
Event: 195,802 Executing VM operation: ChangeSingleStep done
Event: 195,819 Executing VM operation: RedefineClasses
Event: 195,837 Executing VM operation: RedefineClasses done


Dynamic libraries:
00400000-00401000 r-xp 00000000 103:02 7604569                           /usr/lib/jvm/java-8-oracle/bin/java
00600000-00601000 rw-p 00000000 103:02 7604569                           /usr/lib/jvm/java-8-oracle/bin/java
025fa000-0261b000 rw-p 00000000 00:00 0                                  [heap]
85a00000-8ad00000 rw-p 00000000 00:00 0 
8ad00000-d7380000 ---p 00000000 00:00 0 
d7380000-dbb80000 rw-p 00000000 00:00 0 
dbb80000-100000000 ---p 00000000 00:00 0 
100000000-100240000 rw-p 00000000 00:00 0 
100240000-140000000 ---p 00000000 00:00 0 
7f2038000000-7f2038021000 rw-p 00000000 00:00 0 
7f2038021000-7f203c000000 ---p 00000000 00:00 0 
7f203c000000-7f203c021000 rw-p 00000000 00:00 0 
7f203c021000-7f2040000000 ---p 00000000 00:00 0 
7f2040000000-7f204087d000 rw-p 00000000 00:00 0 
7f204087d000-7f2044000000 ---p 00000000 00:00 0 
7f2044000000-7f2044021000 rw-p 00000000 00:00 0 
7f2044021000-7f2048000000 ---p 00000000 00:00 0 
7f2048000000-7f204a131000 rw-p 00000000 00:00 0 
7f204a131000-7f204c000000 ---p 00000000 00:00 0 
7f204c000000-7f204dbe8000 rw-p 00000000 00:00 0 
7f204dbe8000-7f2050000000 ---p 00000000 00:00 0 
7f2050000000-7f2050021000 rw-p 00000000 00:00 0 
7f2050021000-7f2054000000 ---p 00000000 00:00 0 
7f2054000000-7f2054021000 rw-p 00000000 00:00 0 
7f2054021000-7f2058000000 ---p 00000000 00:00 0 
7f2058000000-7f2058021000 rw-p 00000000 00:00 0 
7f2058021000-7f205c000000 ---p 00000000 00:00 0 
7f205c000000-7f205c2c5000 rw-p 00000000 00:00 0 
7f205c2c5000-7f2060000000 ---p 00000000 00:00 0 
7f2060000000-7f2060021000 rw-p 00000000 00:00 0 
7f2060021000-7f2064000000 ---p 00000000 00:00 0 
7f2064000000-7f2064021000 rw-p 00000000 00:00 0 
7f2064021000-7f2068000000 ---p 00000000 00:00 0 
7f2068000000-7f2068021000 rw-p 00000000 00:00 0 
7f2068021000-7f206c000000 ---p 00000000 00:00 0 
7f206c000000-7f206c021000 rw-p 00000000 00:00 0 
7f206c021000-7f2070000000 ---p 00000000 00:00 0 
7f2070000000-7f2070021000 rw-p 00000000 00:00 0 
7f2070021000-7f2074000000 ---p 00000000 00:00 0 
7f2074f43000-7f2075143000 rw-p 00000000 00:00 0 
7f20751df000-7f207529f000 rw-p 00000000 00:00 0 
7f207529f000-7f20753df000 ---p 00000000 00:00 0 
7f20753df000-7f20755df000 rw-p 00000000 00:00 0 
7f20755df000-7f20757df000 rw-p 00000000 00:00 0 
7f20757df000-7f20757e2000 ---p 00000000 00:00 0 
7f20757e2000-7f20758e0000 rw-p 00000000 00:00 0 
7f20758e0000-7f20758e3000 r--s 0001a000 103:02 7605294                   /usr/lib/jvm/java-8-oracle/jre/lib/jce.jar
7f20758e3000-7f20758e7000 r--s 00097000 103:02 7605076                   /usr/lib/jvm/java-8-oracle/jre/lib/jsse.jar
7f20758e7000-7f20758e8000 r--s 0001a000 103:02 7742022                   /home/juri/.p2/pool/plugins/org.eclipse.m2m.atl.emftvm.compiler_3.8.0.v201608191430.jar
7f20758e8000-7f20758ea000 r--s 0000e000 103:02 7742032                   /home/juri/.p2/pool/plugins/org.eclipse.m2m.atl.emftvm.trace_3.8.0.v201608191430.jar
7f20758ea000-7f20758f8000 r--s 000b5000 103:02 7742021                   /home/juri/.p2/pool/plugins/org.eclipse.m2m.atl.emftvm_3.8.0.v201608191430.jar
7f20758f8000-7f20758fe000 r--s 00055000 103:02 7741527                   /home/juri/.p2/pool/plugins/org.eclipse.ocl.ecore_3.6.0.v20160523-1914.jar
7f20758fe000-7f2075900000 r--s 00007000 103:02 7741521                   /home/juri/.p2/pool/plugins/org.eclipse.ocl.common_1.4.0.v20160521-2033.jar
7f2075900000-7f2075903000 r--s 00019000 103:02 7741515                   /home/juri/.p2/pool/plugins/lpg.runtime.java_2.0.17.v201004271640.jar
7f2075903000-7f2075912000 r--s 0010b000 103:02 7741520                   /home/juri/.p2/pool/plugins/org.eclipse.ocl_3.6.0.v20160523-1914.jar
7f2075912000-7f2075913000 r--s 00002000 103:02 7740050                   /home/juri/.p2/pool/plugins/org.eclipse.e4.ui.workbench3_0.13.100.v20160506-0759.jar
7f2075913000-7f2075955000 r--s 00398000 103:02 7740904                   /home/juri/.p2/pool/plugins/org.eclipse.ui.workbench_3.108.0.v20160602-1232.jar
7f2075955000-7f2075959000 r--s 00019000 103:02 7741155                   /home/juri/.p2/pool/plugins/org.eclipse.core.commands_3.8.0.v20160316-1921.jar
7f2075959000-7f207596b000 r--s 000f8000 103:02 7740981                   /home/juri/.p2/pool/plugins/org.eclipse.jface_3.12.0.v20160518-1929.jar
7f207596b000-7f2075980000 r--s 0028f000 103:02 7740872                   /home/juri/.p2/pool/plugins/org.eclipse.swt.gtk.linux.x86_64_3.105.0.v20160603-0902.jar
7f2075980000-7f2075981000 r--s 00004000 103:02 7740605                   /home/juri/.p2/pool/plugins/org.eclipse.swt_3.105.0.v20160603-0902.jar
7f2075981000-7f207598a000 r--s 00058000 103:02 7741023                   /home/juri/.p2/pool/plugins/org.eclipse.ui_3.108.0.v20160518-1929.jar
7f207598a000-7f20759bf000 r--s 00210000 103:02 9045579                   /home/juri/development/workspaces/FootprintUI/anatlyzer.use.witness/lib/plantuml.jar
7f20759bf000-7f2075a5f000 r--s 00887000 103:02 9045581                   /home/juri/development/workspaces/FootprintUI/anatlyzer.use.witness/lib/dist/transml_use_complete.jar
7f2075a5f000-7f2075a6a000 r--s 000cd000 103:02 7740911                   /home/juri/.p2/pool/plugins/org.eclipse.core.resources_3.11.0.v20160503-1608.jar
7f2075a6a000-7f2075a6c000 r--s 00005000 103:02 7741959                   /home/juri/.p2/pool/plugins/org.eclipse.m2m.atl.core_3.6.0.v201505180909.jar
7f2075a6c000-7f2075a7e000 r--s 00111000 103:02 7740894                   /home/juri/.p2/pool/plugins/org.eclipse.emf.ecore_2.12.0.v20160420-0247.jar
7f2075a7e000-7f2075a7f000 ---p 00000000 00:00 0 
7f2075a7f000-7f2075b7f000 rw-p 00000000 00:00 0 
7f2075b7f000-7f2075b82000 ---p 00000000 00:00 0 
7f2075b82000-7f2075c80000 rw-p 00000000 00:00 0 
7f2075c80000-7f2075c83000 ---p 00000000 00:00 0 
7f2075c83000-7f2075d81000 rw-p 00000000 00:00 0 
7f2075d81000-7f2075d84000 ---p 00000000 00:00 0 
7f2075d84000-7f2075e82000 rw-p 00000000 00:00 0 
7f2075e82000-7f2075e85000 ---p 00000000 00:00 0 
7f2075e85000-7f2075f83000 rw-p 00000000 00:00 0 
7f2075f83000-7f2075f86000 ---p 00000000 00:00 0 
7f2075f86000-7f2076084000 rw-p 00000000 00:00 0 
7f2076084000-7f2076087000 ---p 00000000 00:00 0 
7f2076087000-7f2076185000 rw-p 00000000 00:00 0 
7f2076185000-7f2076188000 ---p 00000000 00:00 0 
7f2076188000-7f2076286000 rw-p 00000000 00:00 0 
7f2076286000-7f207628a000 r-xp 00000000 103:02 7605171                   /usr/lib/jvm/java-8-oracle/jre/lib/amd64/libdt_socket.so
7f207628a000-7f2076489000 ---p 00004000 103:02 7605171                   /usr/lib/jvm/java-8-oracle/jre/lib/amd64/libdt_socket.so
7f2076489000-7f207648a000 rw-p 00003000 103:02 7605171                   /usr/lib/jvm/java-8-oracle/jre/lib/amd64/libdt_socket.so
7f207648a000-7f207648d000 ---p 00000000 00:00 0 
7f207648d000-7f207658b000 rw-p 00000000 00:00 0 
7f207658b000-7f207658e000 ---p 00000000 00:00 0 
7f207658e000-7f207668c000 rw-p 00000000 00:00 0 
7f207668c000-7f207668f000 ---p 00000000 00:00 0 
7f207668f000-7f207678d000 rw-p 00000000 00:00 0 
7f207678d000-7f207678e000 ---p 00000000 00:00 0 
7f207678e000-7f2078000000 rw-p 00000000 00:00 0 
7f2078000000-7f2078021000 rw-p 00000000 00:00 0 
7f2078021000-7f207c000000 ---p 00000000 00:00 0 
7f207c000000-7f207c002000 r--s 00005000 103:02 7741962                   /home/juri/.p2/pool/plugins/org.eclipse.m2m.atl.core.emf_3.6.0.v201505180909.jar
7f207c002000-7f207c005000 r--s 0005e000 103:02 7741978                   /home/juri/.p2/pool/plugins/org.eclipse.m2m.atl.engine_3.6.0.v201505180909.jar
7f207c005000-7f207c007000 r--s 00005000 103:02 7741957                   /home/juri/.p2/pool/plugins/org.eclipse.m2m.atl.common_3.6.0.v201505180909.jar
7f207c007000-7f207c00a000 r--s 00019000 103:02 7741434                   /home/juri/.p2/pool/plugins/org.antlr.runtime_3.0.0.v200803061811.jar
7f207c00a000-7f207c011000 r--s 00051000 103:02 7740979                   /home/juri/.p2/pool/plugins/org.eclipse.emf.common_2.12.0.v20160420-0247.jar
7f207c011000-7f207c081000 rw-p 00000000 00:00 0 
7f207c081000-7f207c25a000 r--s 03d29000 103:02 7605124                   /usr/lib/jvm/java-8-oracle/jre/lib/rt.jar
7f207c25a000-7f2080000000 rw-p 00000000 00:00 0 
7f2080000000-7f2080021000 rw-p 00000000 00:00 0 
7f2080021000-7f2084000000 ---p 00000000 00:00 0 
7f2084000000-7f2084003000 r--s 0004c000 103:02 7741976                   /home/juri/.p2/pool/plugins/org.eclipse.m2m.atl.dsls_3.6.0.v201505180909.jar
7f2084003000-7f2084007000 r--s 00035000 103:02 7741234                   /home/juri/.p2/pool/plugins/org.eclipse.emf.ecore.xmi_2.12.0.v20160420-0247.jar
7f2084007000-7f2084008000 r--s 00002000 103:02 7740098                   /home/juri/.p2/pool/plugins/org.eclipse.emf_2.6.0.v20160526-0356.jar
7f2084008000-7f208400a000 r--s 00014000 103:02 7741218                   /home/juri/.p2/pool/plugins/org.eclipse.equinox.app_1.3.400.v20150715-1528.jar
7f208400a000-7f20843dd000 rw-p 00000000 00:00 0 
7f20843dd000-7f20843de000 ---p 00000000 00:00 0 
7f20843de000-7f20844de000 rw-p 00000000 00:00 0 
7f20844de000-7f20844df000 ---p 00000000 00:00 0 
7f20844df000-7f2084609000 rw-p 00000000 00:00 0 
7f2084609000-7f208486c000 ---p 00000000 00:00 0 
7f208486c000-7f2084896000 rw-p 00000000 00:00 0 
7f2084896000-7f2084af8000 ---p 00000000 00:00 0 
7f2084af8000-7f2084b1d000 rw-p 00000000 00:00 0 
7f2084b1d000-7f2084c3f000 ---p 00000000 00:00 0 
7f2084c3f000-7f2084c5f000 rw-p 00000000 00:00 0 
7f2084c5f000-7f2085000000 ---p 00000000 00:00 0 
7f2085000000-7f20857c0000 rwxp 00000000 00:00 0 
7f20857c0000-7f2094000000 ---p 00000000 00:00 0 
7f2094000000-7f2094b93000 rw-p 00000000 00:00 0 
7f2094b93000-7f2098000000 ---p 00000000 00:00 0 
7f2098000000-7f2098002000 r--s 00017000 103:02 7740830                   /home/juri/.p2/pool/plugins/org.eclipse.core.contenttype_3.5.100.v20160418-1621.jar
7f2098002000-7f2098005000 r--s 0001e000 103:02 7741340                   /home/juri/.p2/pool/plugins/org.eclipse.equinox.preferences_3.6.0.v20160120-1756.jar
7f2098005000-7f2098009000 r--s 0002a000 103:02 7741080                   /home/juri/.p2/pool/plugins/org.eclipse.equinox.registry_3.6.100.v20160223-2218.jar
7f2098009000-7f209800a000 ---p 00000000 00:00 0 
7f209800a000-7f209810a000 rw-p 00000000 00:00 0 
7f209810a000-7f209810b000 ---p 00000000 00:00 0 
7f209810b000-7f209820b000 rw-p 00000000 00:00 0 
7f209820b000-7f2098225000 r-xp 00000000 103:02 7605153                   /usr/lib/jvm/java-8-oracle/jre/lib/amd64/libzip.so
7f2098225000-7f2098425000 ---p 0001a000 103:02 7605153                   /usr/lib/jvm/java-8-oracle/jre/lib/amd64/libzip.so
7f2098425000-7f2098426000 rw-p 0001a000 103:02 7605153                   /usr/lib/jvm/java-8-oracle/jre/lib/amd64/libzip.so
7f2098426000-7f2098431000 r-xp 00000000 103:02 12063208                  /lib/x86_64-linux-gnu/libnss_files-2.23.so
7f2098431000-7f2098630000 ---p 0000b000 103:02 12063208                  /lib/x86_64-linux-gnu/libnss_files-2.23.so
7f2098630000-7f2098631000 r--p 0000a000 103:02 12063208                  /lib/x86_64-linux-gnu/libnss_files-2.23.so
7f2098631000-7f2098632000 rw-p 0000b000 103:02 12063208                  /lib/x86_64-linux-gnu/libnss_files-2.23.so
7f2098632000-7f2098638000 rw-p 00000000 00:00 0 
7f2098638000-7f2098643000 r-xp 00000000 103:02 12063218                  /lib/x86_64-linux-gnu/libnss_nis-2.23.so
7f2098643000-7f2098842000 ---p 0000b000 103:02 12063218                  /lib/x86_64-linux-gnu/libnss_nis-2.23.so
7f2098842000-7f2098843000 r--p 0000a000 103:02 12063218                  /lib/x86_64-linux-gnu/libnss_nis-2.23.so
7f2098843000-7f2098844000 rw-p 0000b000 103:02 12063218                  /lib/x86_64-linux-gnu/libnss_nis-2.23.so
7f2098844000-7f209885a000 r-xp 00000000 103:02 12063202                  /lib/x86_64-linux-gnu/libnsl-2.23.so
7f209885a000-7f2098a59000 ---p 00016000 103:02 12063202                  /lib/x86_64-linux-gnu/libnsl-2.23.so
7f2098a59000-7f2098a5a000 r--p 00015000 103:02 12063202                  /lib/x86_64-linux-gnu/libnsl-2.23.so
7f2098a5a000-7f2098a5b000 rw-p 00016000 103:02 12063202                  /lib/x86_64-linux-gnu/libnsl-2.23.so
7f2098a5b000-7f2098a5d000 rw-p 00000000 00:00 0 
7f2098a5d000-7f2098a65000 r-xp 00000000 103:02 12063204                  /lib/x86_64-linux-gnu/libnss_compat-2.23.so
7f2098a65000-7f2098c64000 ---p 00008000 103:02 12063204                  /lib/x86_64-linux-gnu/libnss_compat-2.23.so
7f2098c64000-7f2098c65000 r--p 00007000 103:02 12063204                  /lib/x86_64-linux-gnu/libnss_compat-2.23.so
7f2098c65000-7f2098c66000 rw-p 00008000 103:02 12063204                  /lib/x86_64-linux-gnu/libnss_compat-2.23.so
7f2098c66000-7f2099625000 r--p 00000000 103:02 6822848                   /usr/lib/locale/locale-archive
7f2099625000-7f2099627000 r-xp 00000000 103:02 7605161                   /usr/lib/jvm/java-8-oracle/jre/lib/amd64/libnpt.so
7f2099627000-7f2099827000 ---p 00002000 103:02 7605161                   /usr/lib/jvm/java-8-oracle/jre/lib/amd64/libnpt.so
7f2099827000-7f2099828000 rw-p 00002000 103:02 7605161                   /usr/lib/jvm/java-8-oracle/jre/lib/amd64/libnpt.so
7f2099828000-7f2099861000 r-xp 00000000 103:02 7605129                   /usr/lib/jvm/java-8-oracle/jre/lib/amd64/libjdwp.so
7f2099861000-7f2099a60000 ---p 00039000 103:02 7605129                   /usr/lib/jvm/java-8-oracle/jre/lib/amd64/libjdwp.so
7f2099a60000-7f2099a62000 rw-p 00038000 103:02 7605129                   /usr/lib/jvm/java-8-oracle/jre/lib/amd64/libjdwp.so
7f2099a62000-7f2099a8c000 r-xp 00000000 103:02 7605179                   /usr/lib/jvm/java-8-oracle/jre/lib/amd64/libjava.so
7f2099a8c000-7f2099c8c000 ---p 0002a000 103:02 7605179                   /usr/lib/jvm/java-8-oracle/jre/lib/amd64/libjava.so
7f2099c8c000-7f2099c8e000 rw-p 0002a000 103:02 7605179                   /usr/lib/jvm/java-8-oracle/jre/lib/amd64/libjava.so
7f2099c8e000-7f2099c9b000 r-xp 00000000 103:02 7605133                   /usr/lib/jvm/java-8-oracle/jre/lib/amd64/libverify.so
7f2099c9b000-7f2099e9b000 ---p 0000d000 103:02 7605133                   /usr/lib/jvm/java-8-oracle/jre/lib/amd64/libverify.so
7f2099e9b000-7f2099e9d000 rw-p 0000d000 103:02 7605133                   /usr/lib/jvm/java-8-oracle/jre/lib/amd64/libverify.so
7f2099e9d000-7f2099ea4000 r-xp 00000000 103:02 12063263                  /lib/x86_64-linux-gnu/librt-2.23.so
7f2099ea4000-7f209a0a3000 ---p 00007000 103:02 12063263                  /lib/x86_64-linux-gnu/librt-2.23.so
7f209a0a3000-7f209a0a4000 r--p 00006000 103:02 12063263                  /lib/x86_64-linux-gnu/librt-2.23.so
7f209a0a4000-7f209a0a5000 rw-p 00007000 103:02 12063263                  /lib/x86_64-linux-gnu/librt-2.23.so
7f209a0a5000-7f209a1ad000 r-xp 00000000 103:02 12063179                  /lib/x86_64-linux-gnu/libm-2.23.so
7f209a1ad000-7f209a3ac000 ---p 00108000 103:02 12063179                  /lib/x86_64-linux-gnu/libm-2.23.so
7f209a3ac000-7f209a3ad000 r--p 00107000 103:02 12063179                  /lib/x86_64-linux-gnu/libm-2.23.so
7f209a3ad000-7f209a3ae000 rw-p 00108000 103:02 12063179                  /lib/x86_64-linux-gnu/libm-2.23.so
7f209a3ae000-7f209b079000 r-xp 00000000 103:02 7605183                   /usr/lib/jvm/java-8-oracle/jre/lib/amd64/server/libjvm.so
7f209b079000-7f209b278000 ---p 00ccb000 103:02 7605183                   /usr/lib/jvm/java-8-oracle/jre/lib/amd64/server/libjvm.so
7f209b278000-7f209b351000 rw-p 00cca000 103:02 7605183                   /usr/lib/jvm/java-8-oracle/jre/lib/amd64/server/libjvm.so
7f209b351000-7f209b39c000 rw-p 00000000 00:00 0 
7f209b39c000-7f209b55c000 r-xp 00000000 103:02 12063109                  /lib/x86_64-linux-gnu/libc-2.23.so
7f209b55c000-7f209b75b000 ---p 001c0000 103:02 12063109                  /lib/x86_64-linux-gnu/libc-2.23.so
7f209b75b000-7f209b75f000 r--p 001bf000 103:02 12063109                  /lib/x86_64-linux-gnu/libc-2.23.so
7f209b75f000-7f209b761000 rw-p 001c3000 103:02 12063109                  /lib/x86_64-linux-gnu/libc-2.23.so
7f209b761000-7f209b765000 rw-p 00000000 00:00 0 
7f209b765000-7f209b768000 r-xp 00000000 103:02 12063133                  /lib/x86_64-linux-gnu/libdl-2.23.so
7f209b768000-7f209b967000 ---p 00003000 103:02 12063133                  /lib/x86_64-linux-gnu/libdl-2.23.so
7f209b967000-7f209b968000 r--p 00002000 103:02 12063133                  /lib/x86_64-linux-gnu/libdl-2.23.so
7f209b968000-7f209b969000 rw-p 00003000 103:02 12063133                  /lib/x86_64-linux-gnu/libdl-2.23.so
7f209b969000-7f209b97e000 r-xp 00000000 103:02 7209499                   /usr/lib/jvm/java-8-oracle/lib/amd64/jli/libjli.so
7f209b97e000-7f209bb7e000 ---p 00015000 103:02 7209499                   /usr/lib/jvm/java-8-oracle/lib/amd64/jli/libjli.so
7f209bb7e000-7f209bb7f000 rw-p 00015000 103:02 7209499                   /usr/lib/jvm/java-8-oracle/lib/amd64/jli/libjli.so
7f209bb7f000-7f209bb97000 r-xp 00000000 103:02 12063255                  /lib/x86_64-linux-gnu/libpthread-2.23.so
7f209bb97000-7f209bd96000 ---p 00018000 103:02 12063255                  /lib/x86_64-linux-gnu/libpthread-2.23.so
7f209bd96000-7f209bd97000 r--p 00017000 103:02 12063255                  /lib/x86_64-linux-gnu/libpthread-2.23.so
7f209bd97000-7f209bd98000 rw-p 00018000 103:02 12063255                  /lib/x86_64-linux-gnu/libpthread-2.23.so
7f209bd98000-7f209bd9c000 rw-p 00000000 00:00 0 
7f209bd9c000-7f209bdc2000 r-xp 00000000 103:02 12063081                  /lib/x86_64-linux-gnu/ld-2.23.so
7f209bdc2000-7f209bdc5000 r--s 00019000 103:02 7741384                   /home/juri/.p2/pool/plugins/org.eclipse.core.jobs_3.8.0.v20160509-0411.jar
7f209bdc5000-7f209bdc8000 r--s 0001b000 103:02 7741356                   /home/juri/.p2/pool/plugins/org.eclipse.equinox.common_3.8.0.v20160509-1230.jar
7f209bdc8000-7f209bdc9000 r--s 00003000 103:02 7740179                   /home/juri/.p2/pool/plugins/org.eclipse.wst.jsdt.nashorn.extension_1.0.0.v201605131737.jar
7f209bdc9000-7f209bdcc000 r--s 00039000 103:02 7741044                   /home/juri/.p2/pool/plugins/org.eclipse.osgi.compatibility.state_1.0.200.v20160504-1419.jar
7f209bdcc000-7f209be97000 rw-p 00000000 00:00 0 
7f209be97000-7f209be9a000 ---p 00000000 00:00 0 
7f209be9a000-7f209bf9c000 rw-p 00000000 00:00 0 
7f209bf9c000-7f209bfb1000 r--s 0013d000 103:02 7740889                   /home/juri/.p2/pool/plugins/org.eclipse.osgi_3.11.0.v20160603-1336.jar
7f209bfb1000-7f209bfb3000 r--s 00003000 103:02 7740205                   /home/juri/.p2/pool/plugins/javax.inject_1.0.0.v20091030.jar
7f209bfb3000-7f209bfb5000 r--s 00011000 103:02 7740788                   /home/juri/.p2/pool/plugins/org.eclipse.core.runtime_3.12.0.v20160606-1342.jar
7f209bfb5000-7f209bfbd000 rw-s 00000000 103:02 7085973                   /tmp/hsperfdata_juri/5590
7f209bfbd000-7f209bfbe000 rw-p 00000000 00:00 0 
7f209bfbe000-7f209bfbf000 r--p 00000000 00:00 0 
7f209bfbf000-7f209bfc1000 rw-p 00000000 00:00 0 
7f209bfc1000-7f209bfc2000 r--p 00025000 103:02 12063081                  /lib/x86_64-linux-gnu/ld-2.23.so
7f209bfc2000-7f209bfc3000 rw-p 00026000 103:02 12063081                  /lib/x86_64-linux-gnu/ld-2.23.so
7f209bfc3000-7f209bfc4000 rw-p 00000000 00:00 0 
7ffeaa532000-7ffeaa554000 rw-p 00000000 00:00 0                          [stack]
7ffeaa591000-7ffeaa593000 r--p 00000000 00:00 0                          [vvar]
7ffeaa593000-7ffeaa595000 r-xp 00000000 00:00 0                          [vdso]
ffffffffff600000-ffffffffff601000 r-xp 00000000 00:00 0                  [vsyscall]

VM Arguments:
jvm_args: -agentlib:jdwp=transport=dt_socket,suspend=y,address=localhost:42329 -Dfile.encoding=UTF-8 
java_command: org.miso_disim.requirementmetamodel.reduce.TestMain
java_class_path (initial): /home/juri/.p2/pool/plugins/org.eclipse.core.runtime_3.12.0.v20160606-1342.jar:/home/juri/.p2/pool/plugins/javax.inject_1.0.0.v20091030.jar:/home/juri/.p2/pool/plugins/org.eclipse.osgi_3.11.0.v20160603-1336.jar:/home/juri/.p2/pool/plugins/org.eclipse.osgi.compatibility.state_1.0.200.v20160504-1419.jar:/home/juri/.p2/pool/plugins/org.eclipse.wst.jsdt.nashorn.extension_1.0.0.v201605131737.jar:/home/juri/.p2/pool/plugins/org.eclipse.equinox.common_3.8.0.v20160509-1230.jar:/home/juri/.p2/pool/plugins/org.eclipse.core.jobs_3.8.0.v20160509-0411.jar:/home/juri/.p2/pool/plugins/org.eclipse.equinox.registry_3.6.100.v20160223-2218.jar:/home/juri/.p2/pool/plugins/org.eclipse.equinox.preferences_3.6.0.v20160120-1756.jar:/home/juri/.p2/pool/plugins/org.eclipse.core.contenttype_3.5.100.v20160418-1621.jar:/home/juri/.p2/pool/plugins/org.eclipse.equinox.app_1.3.400.v20150715-1528.jar:/home/juri/.p2/pool/plugins/org.eclipse.emf_2.6.0.v20160526-0356.jar:/home/juri/.p2/pool/plugins/org.eclipse.emf.ecore.xmi_2.12.0.v20160420-0247.jar:/home/juri/.p2/pool/plugins/org.eclipse.emf.ecore_2.12.0.v20160420-0247.jar:/home/juri/.p2/pool/plugins/org.eclipse.emf.common_2.12.0.v20160420-0247.jar:/home/juri/.p2/pool/plugins/org.eclipse.m2m.atl.dsls_3.6.0.v201505180909.jar:/home/juri/.p2/pool/plugins/org.antlr.runtime_3.0.0.v200803061811.jar:/home/juri/.p2/pool/plugins/org.eclipse.m2m.atl.common_3.6.0.v201505180909.jar:/home/juri/.p2/pool/plugins/org.eclipse.m2m.atl.engine_3.6.0.v201505180909.jar:/home/juri/.p2/pool/plugins/org.eclipse.m2m.atl.core.emf_3.6.0.v201505180909.jar:/home/juri/.p2/pool/plugins/org.eclipse.m2m.atl.core_3.6.0.v201505180909.jar:/home/juri/development/workspaces/FootprintUI/anatlyzer.atl.typing/bin:/home/juri/.p2/pool/plugins/org.eclipse.core.resources_3.11.0.v20160503-1608.jar:/home/juri/development/workspaces/FootprintUI/anatlyzer.use.witness/lib/dist/transml_use_complete.jar:/home/juri/development/workspaces/FootprintUI/anatlyzer.use.witness/lib
Launcher Type: SUN_STANDARD

Environment Variables:
PATH=/home/juri/bin:/home/juri/.local/bin:/usr/local/sbin:/usr/local/bin:/usr/sbin:/usr/bin:/sbin:/bin:/usr/games:/usr/local/games:/snap/bin
SHELL=/bin/bash
DISPLAY=:0

Signal Handlers:
SIGSEGV: [libjvm.so+0xac4790], sa_mask[0]=11111111011111111101111111111110, sa_flags=SA_RESTART|SA_SIGINFO
SIGBUS: [libjvm.so+0xac4790], sa_mask[0]=11111111011111111101111111111110, sa_flags=SA_RESTART|SA_SIGINFO
SIGFPE: [libjvm.so+0x91f140], sa_mask[0]=11111111011111111101111111111110, sa_flags=SA_RESTART|SA_SIGINFO
SIGPIPE: [libjvm.so+0x91f140], sa_mask[0]=11111111011111111101111111111110, sa_flags=SA_RESTART|SA_SIGINFO
SIGXFSZ: [libjvm.so+0x91f140], sa_mask[0]=11111111011111111101111111111110, sa_flags=SA_RESTART|SA_SIGINFO
SIGILL: [libjvm.so+0x91f140], sa_mask[0]=11111111011111111101111111111110, sa_flags=SA_RESTART|SA_SIGINFO
SIGUSR1: SIG_DFL, sa_mask[0]=00000000000000000000000000000000, sa_flags=none
SIGUSR2: [libjvm.so+0x920770], sa_mask[0]=00100000000000000000000000000000, sa_flags=SA_RESTART|SA_SIGINFO
SIGHUP: [libjvm.so+0x921b70], sa_mask[0]=11111111011111111101111111111110, sa_flags=SA_RESTART|SA_SIGINFO
SIGINT: [libjvm.so+0x921b70], sa_mask[0]=11111111011111111101111111111110, sa_flags=SA_RESTART|SA_SIGINFO
SIGTERM: [libjvm.so+0x921b70], sa_mask[0]=11111111011111111101111111111110, sa_flags=SA_RESTART|SA_SIGINFO
SIGQUIT: [libjvm.so+0x921b70], sa_mask[0]=11111111011111111101111111111110, sa_flags=SA_RESTART|SA_SIGINFO


---------------  S Y S T E M  ---------------

OS:DISTRIB_ID=Ubuntu
DISTRIB_RELEASE=16.04
DISTRIB_CODENAME=xenial
DISTRIB_DESCRIPTION="Ubuntu 16.04.1 LTS"

uname:Linux 4.4.0-38-generic #57-Ubuntu SMP Tue Sep 6 15:42:33 UTC 2016 x86_64
libc:glibc 2.23 NPTL 2.23 
rlimit: STACK 8192k, CORE 0k, NPROC 30176, NOFILE 65536, AS infinity
load average:1,33 1,03 0,97

/proc/meminfo:
MemTotal:        8018788 kB
MemFree:          279528 kB
MemAvailable:     629016 kB
Buffers:           14832 kB
Cached:          1475748 kB
SwapCached:       258820 kB
Active:          5944352 kB
Inactive:        1338876 kB
Active(anon):    5654740 kB
Inactive(anon):  1088288 kB
Active(file):     289612 kB
Inactive(file):   250588 kB
Unevictable:        1476 kB
Mlocked:            1476 kB
SwapTotal:       8231932 kB
SwapFree:        4444876 kB
Dirty:               160 kB
Writeback:             0 kB
AnonPages:       5708764 kB
Mapped:           847620 kB
Shmem:            950124 kB
Slab:             250396 kB
SReclaimable:      69604 kB
SUnreclaim:       180792 kB
KernelStack:       18480 kB
PageTables:        96740 kB
NFS_Unstable:          0 kB
Bounce:                0 kB
WritebackTmp:          0 kB
CommitLimit:    12241324 kB
Committed_AS:   22097332 kB
VmallocTotal:   34359738367 kB
VmallocUsed:           0 kB
VmallocChunk:          0 kB
HardwareCorrupted:     0 kB
AnonHugePages:   2033664 kB
CmaTotal:              0 kB
CmaFree:               0 kB
HugePages_Total:       0
HugePages_Free:        0
HugePages_Rsvd:        0
HugePages_Surp:        0
Hugepagesize:       2048 kB
DirectMap4k:      505084 kB
DirectMap2M:     7727104 kB
DirectMap1G:           0 kB


CPU:total 4 (2 cores per cpu, 2 threads per core) family 6 model 78 stepping 3, cmov, cx8, fxsr, mmx, sse, sse2, sse3, ssse3, sse4.1, sse4.2, popcnt, avx, avx2, aes, clmul, erms, 3dnowpref, lzcnt, ht, tsc, tscinvbit, bmi1, bmi2, adx

/proc/cpuinfo:
processor	: 0
vendor_id	: GenuineIntel
cpu family	: 6
model		: 78
model name	: Intel(R) Core(TM) i5-6200U CPU @ 2.30GHz
stepping	: 3
microcode	: 0x8a
cpu MHz		: 2420.250
cache size	: 3072 KB
physical id	: 0
siblings	: 4
core id		: 0
cpu cores	: 2
apicid		: 0
initial apicid	: 0
fpu		: yes
fpu_exception	: yes
cpuid level	: 22
wp		: yes
flags		: fpu vme de pse tsc msr pae mce cx8 apic sep mtrr pge mca cmov pat pse36 clflush dts acpi mmx fxsr sse sse2 ss ht tm pbe syscall nx pdpe1gb rdtscp lm constant_tsc art arch_perfmon pebs bts rep_good nopl xtopology nonstop_tsc aperfmperf eagerfpu pni pclmulqdq dtes64 monitor ds_cpl vmx est tm2 ssse3 sdbg fma cx16 xtpr pdcm pcid sse4_1 sse4_2 x2apic movbe popcnt tsc_deadline_timer aes xsave avx f16c rdrand lahf_lm abm 3dnowprefetch epb intel_pt tpr_shadow vnmi flexpriority ept vpid fsgsbase tsc_adjust bmi1 avx2 smep bmi2 erms invpcid mpx rdseed adx smap clflushopt xsaveopt xsavec xgetbv1 dtherm ida arat pln pts hwp hwp_notify hwp_act_window hwp_epp
bugs		:
bogomips	: 4799.93
clflush size	: 64
cache_alignment	: 64
address sizes	: 39 bits physical, 48 bits virtual
power management:

processor	: 1
vendor_id	: GenuineIntel
cpu family	: 6
model		: 78
model name	: Intel(R) Core(TM) i5-6200U CPU @ 2.30GHz
stepping	: 3
microcode	: 0x8a
cpu MHz		: 2521.218
cache size	: 3072 KB
physical id	: 0
siblings	: 4
core id		: 1
cpu cores	: 2
apicid		: 2
initial apicid	: 2
fpu		: yes
fpu_exception	: yes
cpuid level	: 22
wp		: yes
flags		: fpu vme de pse tsc msr pae mce cx8 apic sep mtrr pge mca cmov pat pse36 clflush dts acpi mmx fxsr sse sse2 ss ht tm pbe syscall nx pdpe1gb rdtscp lm constant_tsc art arch_perfmon pebs bts rep_good nopl xtopology nonstop_tsc aperfmperf eagerfpu pni pclmulqdq dtes64 monitor ds_cpl vmx est tm2 ssse3 sdbg fma cx16 xtpr pdcm pcid sse4_1 sse4_2 x2apic movbe popcnt tsc_deadline_timer aes xsave avx f16c rdrand lahf_lm abm 3dnowprefetch epb intel_pt tpr_shadow vnmi flexpriority ept vpid fsgsbase tsc_adjust bmi1 avx2 smep bmi2 erms invpcid mpx rdseed adx smap clflushopt xsaveopt xsavec xgetbv1 dtherm ida arat pln pts hwp hwp_notify hwp_act_window hwp_epp
bugs		:
bogomips	: 4799.93
clflush size	: 64
cache_alignment	: 64
address sizes	: 39 bits physical, 48 bits virtual
power management:

processor	: 2
vendor_id	: GenuineIntel
cpu family	: 6
model		: 78
model name	: Intel(R) Core(TM) i5-6200U CPU @ 2.30GHz
stepping	: 3
microcode	: 0x8a
cpu MHz		: 2520.750
cache size	: 3072 KB
physical id	: 0
siblings	: 4
core id		: 0
cpu cores	: 2
apicid		: 1
initial apicid	: 1
fpu		: yes
fpu_exception	: yes
cpuid level	: 22
wp		: yes
flags		: fpu vme de pse tsc msr pae mce cx8 apic sep mtrr pge mca cmov pat pse36 clflush dts acpi mmx fxsr sse sse2 ss ht tm pbe syscall nx pdpe1gb rdtscp lm constant_tsc art arch_perfmon pebs bts rep_good nopl xtopology nonstop_tsc aperfmperf eagerfpu pni pclmulqdq dtes64 monitor ds_cpl vmx est tm2 ssse3 sdbg fma cx16 xtpr pdcm pcid sse4_1 sse4_2 x2apic movbe popcnt tsc_deadline_timer aes xsave avx f16c rdrand lahf_lm abm 3dnowprefetch epb intel_pt tpr_shadow vnmi flexpriority ept vpid fsgsbase tsc_adjust bmi1 avx2 smep bmi2 erms invpcid mpx rdseed adx smap clflushopt xsaveopt xsavec xgetbv1 dtherm ida arat pln pts hwp hwp_notify hwp_act_window hwp_epp
bugs		:
bogomips	: 4799.93
clflush size	: 64
cache_alignment	: 64
address sizes	: 39 bits physical, 48 bits virtual
power management:

processor	: 3
vendor_id	: GenuineIntel
cpu family	: 6
model		: 78
model name	: Intel(R) Core(TM) i5-6200U CPU @ 2.30GHz
stepping	: 3
microcode	: 0x8a
cpu MHz		: 2507.531
cache size	: 3072 KB
physical id	: 0
siblings	: 4
core id		: 1
cpu cores	: 2
apicid		: 3
initial apicid	: 3
fpu		: yes
fpu_exception	: yes
cpuid level	: 22
wp		: yes
flags		: fpu vme de pse tsc msr pae mce cx8 apic sep mtrr pge mca cmov pat pse36 clflush dts acpi mmx fxsr sse sse2 ss ht tm pbe syscall nx pdpe1gb rdtscp lm constant_tsc art arch_perfmon pebs bts rep_good nopl xtopology nonstop_tsc aperfmperf eagerfpu pni pclmulqdq dtes64 monitor ds_cpl vmx est tm2 ssse3 sdbg fma cx16 xtpr pdcm pcid sse4_1 sse4_2 x2apic movbe popcnt tsc_deadline_timer aes xsave avx f16c rdrand lahf_lm abm 3dnowprefetch epb intel_pt tpr_shadow vnmi flexpriority ept vpid fsgsbase tsc_adjust bmi1 avx2 smep bmi2 erms invpcid mpx rdseed adx smap clflushopt xsaveopt xsavec xgetbv1 dtherm ida arat pln pts hwp hwp_notify hwp_act_window hwp_epp
bugs		:
bogomips	: 4799.93
clflush size	: 64
cache_alignment	: 64
address sizes	: 39 bits physical, 48 bits virtual
power management:



Memory: 4k page, physical 8018788k(279528k free), swap 8231932k(4444876k free)

vm_info: Java HotSpot(TM) 64-Bit Server VM (25.101-b13) for linux-amd64 JRE (1.8.0_101-b13), built on Jun 22 2016 02:59:44 by "java_re" with gcc 4.3.0 20080428 (Red Hat 4.3.0-8)

time: Fri Oct 14 23:47:44 2016
elapsed time: 195 seconds (0d 0h 3m 15s)

